This is LuaHBTeX, Version 1.13.0 (TeX Live 2021/Arch Linux)  (format=lualatex 2021.9.3)  27 NOV 2021 15:01
 restricted system commands enabled.
**slides.tex
(./slides.tex
LaTeX2e <2020-10-01> patch level 4
Lua module: luaotfload 2021-01-08 3.17 Lua based OpenType font support
Lua module: lualibs 2020-12-30 2.73 ConTeXt Lua standard libraries.
Lua module: lualibs-extended 2020-12-30 2.73 ConTeXt Lua libraries -- extended c
ollection.
luaotfload | conf : Root cache directory is "/home/daniele/.texlive/texmf-var/lu
atex-cache/generic/names".
luaotfload | init : Loading fontloader "fontloader-2021-01-07.lua" from kpse-res
olved path "/usr/share/texmf-dist/tex/luatex/luaotfload/fontloader-2021-01-07.lu
a".
Lua-only attribute luaotfload@noligature = 1
Lua-only attribute luaotfload@syllabe = 2
luaotfload | init : Context OpenType loader version 0x1.8e76c8b439581p+1
Inserting `luaotfload.node_processor' at position 1 in `pre_linebreak_filter'.
Inserting `luaotfload.node_processor' at position 1 in `hpack_filter'.
Inserting `luaotfload.glyph_stream' at position 1 in `glyph_stream_provider'.
Inserting `luaotfload.define_font' at position 1 in `define_font'.
Lua-only attribute luaotfload_color_attribute = 3
luaotfload | conf : Root cache directory is "/home/daniele/.texlive/texmf-var/lu
atex-cache/generic/names".
Inserting `luaotfload.harf.strip_prefix' at position 1 in `find_opentype_file'.
Inserting `luaotfload.harf.strip_prefix' at position 1 in `find_truetype_file'.
Inserting `luaotfload.harf.finalize_vlist' at position 1 in `post_linebreak_filt
er'.
Inserting `luaotfload.harf.finalize_hlist' at position 2 in `hpack_filter'.
Inserting `luaotfload.cleanup_files' at position 1 in `wrapup_run'.
Inserting `luaotfload.harf.finalize_unicode' at position 1 in `finish_pdffile'.
Inserting `luaotfload.glyphinfo' at position 1 in `glyph_info'.
Inserting `luaotfload.aux.set_sscale_dimens' at position 1 in `luaotfload.patch_
font'.
Inserting `luaotfload.aux.set_font_index' at position 2 in `luaotfload.patch_fon
t'.
Inserting `luaotfload.aux.patch_cambria_domh' at position 3 in `luaotfload.patch
_font'.
Inserting `luaotfload.aux.fixup_fontdata' at position 1 in `luaotfload.patch_fon
t_unsafe'.
Inserting `luaotfload.aux.set_capheight' at position 4 in `luaotfload.patch_font
'.
Inserting `luaotfload.aux.set_xheight' at position 5 in `luaotfload.patch_font'.
Inserting `luaotfload.rewrite_fontname' at position 6 in `luaotfload.patch_font'
. L3 programming layer <2021-02-18>
(/usr/share/texmf-dist/tex/latex/beamer/beamer.cls
Document Class: beamer 2021/03/19 v3.62 A class for typesetting presentations
(/usr/share/texmf-dist/tex/latex/beamer/beamerbasemodes.sty
(/usr/share/texmf-dist/tex/latex/etoolbox/etoolbox.sty
Package: etoolbox 2020/10/05 v2.5k e-TeX tools for LaTeX (JAW)
\etb@tempcnta=\count175
)
\beamer@tempbox=\box47
\beamer@tempcount=\count176
\c@beamerpauses=\count177

(/usr/share/texmf-dist/tex/latex/beamer/beamerbasedecode.sty
\beamer@slideinframe=\count178
\beamer@minimum=\count179
\beamer@decode@box=\box48
)
\beamer@commentbox=\box49
\beamer@modecount=\count180
)
(/usr/share/texmf-dist/tex/generic/iftex/ifpdf.sty
Package: ifpdf 2019/10/25 v3.4 ifpdf legacy package. Use iftex instead.

(/usr/share/texmf-dist/tex/generic/iftex/iftex.sty
Package: iftex 2020/03/06 v1.0d TeX engine tests
))
\headdp=\dimen138
\footheight=\dimen139
\sidebarheight=\dimen140
\beamer@tempdim=\dimen141
\beamer@finalheight=\dimen142
\beamer@animht=\dimen143
\beamer@animdp=\dimen144
\beamer@animwd=\dimen145
\beamer@leftmargin=\dimen146
\beamer@rightmargin=\dimen147
\beamer@leftsidebar=\dimen148
\beamer@rightsidebar=\dimen149
\beamer@boxsize=\dimen150
\beamer@vboxoffset=\dimen151
\beamer@descdefault=\dimen152
\beamer@descriptionwidth=\dimen153
\beamer@lastskip=\skip47
\beamer@areabox=\box50
\beamer@animcurrent=\box51
\beamer@animshowbox=\box52
\beamer@sectionbox=\box53
\beamer@logobox=\box54
\beamer@linebox=\box55
\beamer@sectioncount=\count181
\beamer@subsubsectionmax=\count182
\beamer@subsectionmax=\count183
\beamer@sectionmax=\count184
\beamer@totalheads=\count185
\beamer@headcounter=\count186
\beamer@partstartpage=\count187
\beamer@sectionstartpage=\count188
\beamer@subsectionstartpage=\count189
\beamer@animationtempa=\count190
\beamer@animationtempb=\count191
\beamer@xpos=\count192
\beamer@ypos=\count193
\beamer@ypos@offset=\count194
\beamer@showpartnumber=\count195
\beamer@currentsubsection=\count196
\beamer@coveringdepth=\count197
\beamer@sectionadjust=\count198
\beamer@tocsectionnumber=\count199

(/usr/share/texmf-dist/tex/latex/beamer/beamerbaseoptions.sty
(/usr/share/texmf-dist/tex/latex/graphics/keyval.sty
Package: keyval 2014/10/28 v1.15 key=value parser (DPC)
\KV@toks@=\toks15
))
\beamer@paperwidth=\skip48
\beamer@paperheight=\skip49

(/usr/share/texmf-dist/tex/latex/geometry/geometry.sty
Package: geometry 2020/01/02 v5.9 Page Geometry

(/usr/share/texmf-dist/tex/generic/iftex/ifvtex.sty
Package: ifvtex 2019/10/25 v1.7 ifvtex legacy package. Use iftex instead.
)
\Gm@cnth=\count266
\Gm@cntv=\count267
\c@Gm@tempcnt=\count268
\Gm@bindingoffset=\dimen154
\Gm@wd@mp=\dimen155
\Gm@odd@mp=\dimen156
\Gm@even@mp=\dimen157
\Gm@layoutwidth=\dimen158
\Gm@layoutheight=\dimen159
\Gm@layouthoffset=\dimen160
\Gm@layoutvoffset=\dimen161
\Gm@dimlist=\toks16
)
(/usr/share/texmf-dist/tex/latex/base/size10.clo
File: size10.clo 2020/04/10 v1.4m Standard LaTeX file (size option)
luaotfload | db : Font names database loaded from /home/daniele/.texlive/texmf-v
ar/luatex-cache/generic/names/luaotfload-names.luc)
(/usr/share/texmf-dist/tex/latex/pgf/basiclayer/pgfcore.sty
(/usr/share/texmf-dist/tex/latex/graphics/graphicx.sty
Package: graphicx 2020/09/09 v1.2b Enhanced LaTeX Graphics (DPC,SPQR)

(/usr/share/texmf-dist/tex/latex/graphics/graphics.sty
Package: graphics 2020/08/30 v1.4c Standard LaTeX Graphics (DPC,SPQR)

(/usr/share/texmf-dist/tex/latex/graphics/trig.sty
Package: trig 2016/01/03 v1.10 sin cos tan (DPC)
)
(/usr/share/texmf-dist/tex/latex/graphics-cfg/graphics.cfg
File: graphics.cfg 2016/06/04 v1.11 sample graphics configuration
)
Package graphics Info: Driver file: luatex.def on input line 105.

(/usr/share/texmf-dist/tex/latex/graphics-def/luatex.def
File: luatex.def 2020/10/05 v1.2a Graphics/color driver for luatex
))
\Gin@req@height=\dimen162
\Gin@req@width=\dimen163
)
(/usr/share/texmf-dist/tex/latex/pgf/systemlayer/pgfsys.sty
(/usr/share/texmf-dist/tex/latex/pgf/utilities/pgfrcs.sty
(/usr/share/texmf-dist/tex/generic/pgf/utilities/pgfutil-common.tex
\pgfutil@everybye=\toks17
\pgfutil@tempdima=\dimen164
\pgfutil@tempdimb=\dimen165

(/usr/share/texmf-dist/tex/generic/pgf/utilities/pgfutil-common-lists.tex))
(/usr/share/texmf-dist/tex/generic/pgf/utilities/pgfutil-latex.def
\pgfutil@abb=\box56
)
(/usr/share/texmf-dist/tex/generic/pgf/utilities/pgfrcs.code.tex
(/usr/share/texmf-dist/tex/generic/pgf/pgf.revision.tex)
Package: pgfrcs 2020/12/27 v3.1.8b (3.1.8b)
))
(/usr/share/texmf-dist/tex/generic/pgf/systemlayer/pgfsys.code.tex
Package: pgfsys 2020/12/27 v3.1.8b (3.1.8b)

(/usr/share/texmf-dist/tex/generic/pgf/utilities/pgfkeys.code.tex
\pgfkeys@pathtoks=\toks18
\pgfkeys@temptoks=\toks19

(/usr/share/texmf-dist/tex/generic/pgf/utilities/pgfkeysfiltered.code.tex
\pgfkeys@tmptoks=\toks20
))
\pgf@x=\dimen166
\pgf@y=\dimen167
\pgf@xa=\dimen168
\pgf@ya=\dimen169
\pgf@xb=\dimen170
\pgf@yb=\dimen171
\pgf@xc=\dimen172
\pgf@yc=\dimen173
\pgf@xd=\dimen174
\pgf@yd=\dimen175
\w@pgf@writea=\write3
\r@pgf@reada=\read2
\c@pgf@counta=\count269
\c@pgf@countb=\count270
\c@pgf@countc=\count271
\c@pgf@countd=\count272
\t@pgf@toka=\toks21
\t@pgf@tokb=\toks22
\t@pgf@tokc=\toks23
\pgf@sys@id@count=\count273

(/usr/share/texmf-dist/tex/generic/pgf/systemlayer/pgf.cfg
File: pgf.cfg 2020/12/27 v3.1.8b (3.1.8b)
)
Driver file for pgf: pgfsys-luatex.def

(/usr/share/texmf-dist/tex/generic/pgf/systemlayer/pgfsys-luatex.def
File: pgfsys-luatex.def 2020/12/27 v3.1.8b (3.1.8b)

(/usr/share/texmf-dist/tex/generic/pgf/systemlayer/pgfsys-common-pdf.def
File: pgfsys-common-pdf.def 2020/12/27 v3.1.8b (3.1.8b)
)))
(/usr/share/texmf-dist/tex/generic/pgf/systemlayer/pgfsyssoftpath.code.tex
File: pgfsyssoftpath.code.tex 2020/12/27 v3.1.8b (3.1.8b)
\pgfsyssoftpath@smallbuffer@items=\count274
\pgfsyssoftpath@bigbuffer@items=\count275
)
(/usr/share/texmf-dist/tex/generic/pgf/systemlayer/pgfsysprotocol.code.tex
File: pgfsysprotocol.code.tex 2020/12/27 v3.1.8b (3.1.8b)
))
(/usr/share/texmf-dist/tex/latex/xcolor/xcolor.sty
Package: xcolor 2016/05/11 v2.12 LaTeX color extensions (UK)

(/usr/share/texmf-dist/tex/latex/graphics-cfg/color.cfg
File: color.cfg 2016/01/02 v1.6 sample color configuration
)
Package xcolor Info: Driver file: luatex.def on input line 225.
Package xcolor Info: Model `cmy' substituted by `cmy0' on input line 1348.
Package xcolor Info: Model `hsb' substituted by `rgb' on input line 1352.
Package xcolor Info: Model `RGB' extended on input line 1364.
Package xcolor Info: Model `HTML' substituted by `rgb' on input line 1366.
Package xcolor Info: Model `Hsb' substituted by `hsb' on input line 1367.
Package xcolor Info: Model `tHsb' substituted by `hsb' on input line 1368.
Package xcolor Info: Model `HSB' substituted by `hsb' on input line 1369.
Package xcolor Info: Model `Gray' substituted by `gray' on input line 1370.
Package xcolor Info: Model `wave' substituted by `hsb' on input line 1371.
)
(/usr/share/texmf-dist/tex/generic/pgf/basiclayer/pgfcore.code.tex
Package: pgfcore 2020/12/27 v3.1.8b (3.1.8b)

(/usr/share/texmf-dist/tex/generic/pgf/math/pgfmath.code.tex
(/usr/share/texmf-dist/tex/generic/pgf/math/pgfmathcalc.code.tex
(/usr/share/texmf-dist/tex/generic/pgf/math/pgfmathutil.code.tex)
(/usr/share/texmf-dist/tex/generic/pgf/math/pgfmathparser.code.tex
\pgfmath@dimen=\dimen176
\pgfmath@count=\count276
\pgfmath@box=\box57
\pgfmath@toks=\toks24
\pgfmath@stack@operand=\toks25
\pgfmath@stack@operation=\toks26
)
(/usr/share/texmf-dist/tex/generic/pgf/math/pgfmathfunctions.code.tex
(/usr/share/texmf-dist/tex/generic/pgf/math/pgfmathfunctions.basic.code.tex)
(/usr/share/texmf-dist/tex/generic/pgf/math/pgfmathfunctions.trigonometric.code
.tex)
(/usr/share/texmf-dist/tex/generic/pgf/math/pgfmathfunctions.random.code.tex)
(/usr/share/texmf-dist/tex/generic/pgf/math/pgfmathfunctions.comparison.code.te
x) (/usr/share/texmf-dist/tex/generic/pgf/math/pgfmathfunctions.base.code.tex)
(/usr/share/texmf-dist/tex/generic/pgf/math/pgfmathfunctions.round.code.tex)
(/usr/share/texmf-dist/tex/generic/pgf/math/pgfmathfunctions.misc.code.tex)
(/usr/share/texmf-dist/tex/generic/pgf/math/pgfmathfunctions.integerarithmetics
.code.tex))) (/usr/share/texmf-dist/tex/generic/pgf/math/pgfmathfloat.code.tex
\c@pgfmathroundto@lastzeros=\count277
)) (/usr/share/texmf-dist/tex/generic/pgf/math/pgfint.code.tex)
(/usr/share/texmf-dist/tex/generic/pgf/basiclayer/pgfcorepoints.code.tex
File: pgfcorepoints.code.tex 2020/12/27 v3.1.8b (3.1.8b)
\pgf@picminx=\dimen177
\pgf@picmaxx=\dimen178
\pgf@picminy=\dimen179
\pgf@picmaxy=\dimen180
\pgf@pathminx=\dimen181
\pgf@pathmaxx=\dimen182
\pgf@pathminy=\dimen183
\pgf@pathmaxy=\dimen184
\pgf@xx=\dimen185
\pgf@xy=\dimen186
\pgf@yx=\dimen187
\pgf@yy=\dimen188
\pgf@zx=\dimen189
\pgf@zy=\dimen190
)
(/usr/share/texmf-dist/tex/generic/pgf/basiclayer/pgfcorepathconstruct.code.tex
File: pgfcorepathconstruct.code.tex 2020/12/27 v3.1.8b (3.1.8b)
\pgf@path@lastx=\dimen191
\pgf@path@lasty=\dimen192
) (/usr/share/texmf-dist/tex/generic/pgf/basiclayer/pgfcorepathusage.code.tex
File: pgfcorepathusage.code.tex 2020/12/27 v3.1.8b (3.1.8b)
\pgf@shorten@end@additional=\dimen193
\pgf@shorten@start@additional=\dimen194
)
(/usr/share/texmf-dist/tex/generic/pgf/basiclayer/pgfcorescopes.code.tex
File: pgfcorescopes.code.tex 2020/12/27 v3.1.8b (3.1.8b)
\pgfpic=\box58
\pgf@hbox=\box59
\pgf@layerbox@main=\box60
\pgf@picture@serial@count=\count278
)
(/usr/share/texmf-dist/tex/generic/pgf/basiclayer/pgfcoregraphicstate.code.tex
File: pgfcoregraphicstate.code.tex 2020/12/27 v3.1.8b (3.1.8b)
\pgflinewidth=\dimen195
)
(/usr/share/texmf-dist/tex/generic/pgf/basiclayer/pgfcoretransformations.code.t
ex
File: pgfcoretransformations.code.tex 2020/12/27 v3.1.8b (3.1.8b)
\pgf@pt@x=\dimen196
\pgf@pt@y=\dimen197
\pgf@pt@temp=\dimen198
) (/usr/share/texmf-dist/tex/generic/pgf/basiclayer/pgfcorequick.code.tex
File: pgfcorequick.code.tex 2020/12/27 v3.1.8b (3.1.8b)
)
(/usr/share/texmf-dist/tex/generic/pgf/basiclayer/pgfcoreobjects.code.tex
File: pgfcoreobjects.code.tex 2020/12/27 v3.1.8b (3.1.8b)
)
(/usr/share/texmf-dist/tex/generic/pgf/basiclayer/pgfcorepathprocessing.code.te
x
File: pgfcorepathprocessing.code.tex 2020/12/27 v3.1.8b (3.1.8b)
) (/usr/share/texmf-dist/tex/generic/pgf/basiclayer/pgfcorearrows.code.tex
File: pgfcorearrows.code.tex 2020/12/27 v3.1.8b (3.1.8b)
\pgfarrowsep=\dimen199
)
(/usr/share/texmf-dist/tex/generic/pgf/basiclayer/pgfcoreshade.code.tex
File: pgfcoreshade.code.tex 2020/12/27 v3.1.8b (3.1.8b)
\pgf@max=\dimen256
\pgf@sys@shading@range@num=\count279
\pgf@shadingcount=\count280
)
(/usr/share/texmf-dist/tex/generic/pgf/basiclayer/pgfcoreimage.code.tex
File: pgfcoreimage.code.tex 2020/12/27 v3.1.8b (3.1.8b)

(/usr/share/texmf-dist/tex/generic/pgf/basiclayer/pgfcoreexternal.code.tex
File: pgfcoreexternal.code.tex 2020/12/27 v3.1.8b (3.1.8b)
\pgfexternal@startupbox=\box61
))
(/usr/share/texmf-dist/tex/generic/pgf/basiclayer/pgfcorelayers.code.tex
File: pgfcorelayers.code.tex 2020/12/27 v3.1.8b (3.1.8b)
)
(/usr/share/texmf-dist/tex/generic/pgf/basiclayer/pgfcoretransparency.code.tex
File: pgfcoretransparency.code.tex 2020/12/27 v3.1.8b (3.1.8b)
) (/usr/share/texmf-dist/tex/generic/pgf/basiclayer/pgfcorepatterns.code.tex
File: pgfcorepatterns.code.tex 2020/12/27 v3.1.8b (3.1.8b)
)
(/usr/share/texmf-dist/tex/generic/pgf/basiclayer/pgfcorerdf.code.tex
File: pgfcorerdf.code.tex 2020/12/27 v3.1.8b (3.1.8b)
)))
(/usr/share/texmf-dist/tex/latex/pgf/utilities/xxcolor.sty
Package: xxcolor 2003/10/24 ver 0.1
\XC@nummixins=\count281
\XC@countmixins=\count282
)
(/usr/share/texmf-dist/tex/latex/base/atbegshi-ltx.sty
Package: atbegshi-ltx 2020/08/17 v1.0a Emulation of the original atbegshi packa
ge
with kernel methods
)
(/usr/share/texmf-dist/tex/latex/hyperref/hyperref.sty
Package: hyperref 2021-02-27 v7.00k Hypertext links for LaTeX

(/usr/share/texmf-dist/tex/generic/ltxcmds/ltxcmds.sty
Package: ltxcmds 2020-05-10 v1.25 LaTeX kernel commands for general use (HO)
)
(/usr/share/texmf-dist/tex/generic/pdftexcmds/pdftexcmds.sty
Package: pdftexcmds 2020-06-27 v0.33 Utility functions of pdfTeX for LuaTeX (HO
)

(/usr/share/texmf-dist/tex/generic/infwarerr/infwarerr.sty
Package: infwarerr 2019/12/03 v1.5 Providing info/warning/error messages (HO)
)
Package pdftexcmds Info: \pdf@primitive is available.
Package pdftexcmds Info: \pdf@ifprimitive is available.
Package pdftexcmds Info: \pdfdraftmode found.
\pdftexcmds@toks=\toks27
)
(/usr/share/texmf-dist/tex/generic/kvsetkeys/kvsetkeys.sty
Package: kvsetkeys 2019/12/15 v1.18 Key value parser (HO)
)
(/usr/share/texmf-dist/tex/generic/kvdefinekeys/kvdefinekeys.sty
Package: kvdefinekeys 2019-12-19 v1.6 Define keys (HO)
)
(/usr/share/texmf-dist/tex/generic/pdfescape/pdfescape.sty
Package: pdfescape 2019/12/09 v1.15 Implements pdfTeX's escape features (HO)
)
(/usr/share/texmf-dist/tex/latex/hycolor/hycolor.sty
Package: hycolor 2020-01-27 v1.10 Color options for hyperref/bookmark (HO)
)
(/usr/share/texmf-dist/tex/latex/letltxmacro/letltxmacro.sty
Package: letltxmacro 2019/12/03 v1.6 Let assignment for LaTeX macros (HO)
)
(/usr/share/texmf-dist/tex/latex/auxhook/auxhook.sty
Package: auxhook 2019-12-17 v1.6 Hooks for auxiliary files (HO)
)
(/usr/share/texmf-dist/tex/latex/kvoptions/kvoptions.sty
Package: kvoptions 2020-10-07 v3.14 Key value format for package options (HO)
)
\@linkdim=\dimen257
\Hy@linkcounter=\count283
\Hy@pagecounter=\count284

(/usr/share/texmf-dist/tex/latex/hyperref/pd1enc.def
File: pd1enc.def 2021-02-27 v7.00k Hyperref: PDFDocEncoding definition (HO)
)
(/usr/share/texmf-dist/tex/latex/hyperref/hyperref-langpatches.def
File: hyperref-langpatches.def 2021-02-27 v7.00k Hyperref: patches for babel la
nguages
)
(/usr/share/texmf-dist/tex/generic/intcalc/intcalc.sty
Package: intcalc 2019/12/15 v1.3 Expandable calculations with integers (HO)
)
(/usr/share/texmf-dist/tex/generic/etexcmds/etexcmds.sty
Package: etexcmds 2019/12/15 v1.7 Avoid name clashes with e-TeX commands (HO)
)
\Hy@SavedSpaceFactor=\count285

(/usr/share/texmf-dist/tex/latex/hyperref/puenc.def
File: puenc.def 2021-02-27 v7.00k Hyperref: PDF Unicode definition (HO)
)
Package hyperref Info: Option `bookmarks' set `true' on input line 4073.
Package hyperref Info: Option `bookmarksopen' set `true' on input line 4073.
Package hyperref Info: Option `implicit' set `false' on input line 4073.
Package hyperref Info: Hyper figures OFF on input line 4192.
Package hyperref Info: Link nesting OFF on input line 4197.
Package hyperref Info: Hyper index ON on input line 4200.
Package hyperref Info: Plain pages OFF on input line 4207.
Package hyperref Info: Backreferencing OFF on input line 4212.
Package hyperref Info: Implicit mode OFF; no redefinition of LaTeX internals.
Package hyperref Info: Bookmarks ON on input line 4445.
\c@Hy@tempcnt=\count286

(/usr/share/texmf-dist/tex/latex/url/url.sty
\Urlmuskip=\muskip16
Package: url 2013/09/16  ver 3.4  Verb mode for urls, etc.
)
LaTeX Info: Redefining \url on input line 4804.
\XeTeXLinkMargin=\dimen258

(/usr/share/texmf-dist/tex/generic/bitset/bitset.sty
Package: bitset 2019/12/09 v1.3 Handle bit-vector datatype (HO)

(/usr/share/texmf-dist/tex/generic/bigintcalc/bigintcalc.sty
Package: bigintcalc 2019/12/15 v1.5 Expandable calculations on big integers (HO
)
))
\Fld@menulength=\count287
\Field@Width=\dimen259
\Fld@charsize=\dimen260
Package hyperref Info: Hyper figures OFF on input line 6075.
Package hyperref Info: Link nesting OFF on input line 6080.
Package hyperref Info: Hyper index ON on input line 6083.
Package hyperref Info: backreferencing OFF on input line 6090.
Package hyperref Info: Link coloring OFF on input line 6095.
Package hyperref Info: Link coloring with OCG OFF on input line 6100.
Package hyperref Info: PDF/A mode OFF on input line 6105.
LaTeX Info: Redefining \ref on input line 6145.
LaTeX Info: Redefining \pageref on input line 6149.
\Hy@abspage=\count288


Package hyperref Message: Stopped early.

)
Package hyperref Info: Driver (autodetected): hluatex.
 (/usr/share/texmf-dist/tex/latex/hyperref/hluatex.def
File: hluatex.def 2021-02-27 v7.00k Hyperref driver for luaTeX

(/usr/share/texmf-dist/tex/generic/stringenc/stringenc.sty
Package: stringenc 2019/11/29 v1.12 Convert strings between diff. encodings (HO
)
)
(/usr/share/texmf-dist/tex/latex/base/atveryend-ltx.sty
Package: atveryend-ltx 2020/08/19 v1.0a Emulation of the original atvery packag
e
with kernel methods
)
\Fld@listcount=\count289
\c@bookmark@seq@number=\count290

(/usr/share/texmf-dist/tex/latex/rerunfilecheck/rerunfilecheck.sty
Package: rerunfilecheck 2019/12/05 v1.9 Rerun checks for auxiliary files (HO)

(/usr/share/texmf-dist/tex/generic/uniquecounter/uniquecounter.sty
Package: uniquecounter 2019/12/15 v1.4 Provide unlimited unique counter (HO)
)
Package uniquecounter Info: New unique counter `rerunfilecheck' on input line 2
86.
))
(/usr/share/texmf-dist/tex/latex/beamer/beamerbaserequires.sty
(/usr/share/texmf-dist/tex/latex/beamer/beamerbasecompatibility.sty)
(/usr/share/texmf-dist/tex/latex/beamer/beamerbasefont.sty
(/usr/share/texmf-dist/tex/latex/amsfonts/amssymb.sty
Package: amssymb 2013/01/14 v3.01 AMS font symbols

(/usr/share/texmf-dist/tex/latex/amsfonts/amsfonts.sty
Package: amsfonts 2013/01/14 v3.01 Basic AMSFonts support
\@emptytoks=\toks28
\symAMSa=\mathgroup4
\symAMSb=\mathgroup5
LaTeX Font Info:    Redeclaring math symbol \hbar on input line 98.
LaTeX Font Info:    Overwriting math alphabet `\mathfrak' in version `bold'
(Font)                  U/euf/m/n --> U/euf/b/n on input line 106.
))
(/usr/share/texmf-dist/tex/latex/sansmathaccent/sansmathaccent.sty
Package: sansmathaccent 2020/01/31

(/usr/share/texmf-dist/tex/latex/koma-script/scrlfile.sty
Package: scrlfile 2021/03/17 v3.33 KOMA-Script package (file load hooks)

(/usr/share/texmf-dist/tex/latex/koma-script/scrlfile-hook.sty
Package: scrlfile-hook 2021/03/17 v3.33 KOMA-Script package (using LaTeX hooks)


LaTeX3 Info: Defining command \BeforeFile with sig. 'm' on line 61.


LaTeX3 Info: Defining command \AfterFile with sig. 'm' on line 65.


LaTeX3 Info: Defining command \BeforeClass with sig. 'm' on line 69.


LaTeX3 Info: Defining command \BeforePackage with sig. 'm' on line 73.


LaTeX3 Info: Defining command \AfterAtEndOfClass with sig. 'smo+m' on line 83.


LaTeX3 Info: Defining command \AfterAtEndOfPackage with sig. 'smo+m' on line
(LaTeX3)     93.


LaTeX3 Info: Defining command \scrlfile@AfterClass with sig. 'smo+m' on line
(LaTeX3)     173.


LaTeX3 Info: Defining command \AfterClass with sig. '' on line 174.


LaTeX3 Info: Defining command \scrlfile@AfterPackage with sig. 'smo+m' on line
(LaTeX3)     191.


LaTeX3 Info: Defining command \AfterPackage with sig. '' on line 192.


LaTeX3 Info: Defining command \ReplaceInput with sig. '' on line 193.


LaTeX3 Info: Defining command \ReplaceClass with sig. 'mm' on line 196.


LaTeX3 Info: Defining command \ReplacePackage with sig. 'mm' on line 199.


LaTeX3 Info: Defining command \UnReplaceInput with sig. '' on line 200.


LaTeX3 Info: Defining command \UnReplaceClass with sig. 'm' on line 203.


LaTeX3 Info: Defining command \UnReplacePackage with sig. 'mm' on line 206.


LaTeX3 Info: Defining command \PreventPackageFromLoading with sig. 's+om' on
(LaTeX3)     line 234.


LaTeX3 Info: Defining command \StorePreventPackageFromLoading with sig. 'm' on
(LaTeX3)     line 242.


LaTeX3 Info: Defining command \ResetPreventPackageFromLoading with sig. '' on
(LaTeX3)     line 247.


LaTeX3 Info: Defining command \UnPreventPackageFromLoading with sig. 'sm' on
(LaTeX3)     line 261.


LaTeX3 Info: Defining command \BeforeClosingMainAux with sig. 'om' on line
(LaTeX3)     274.


LaTeX3 Info: Defining command \AfterReadingMainAux with sig. 'om' on line 287.


LaTeX3 Info: Defining command \protected@immediate@write with sig. 'm+m+m' on
(LaTeX3)     line 298.


(/usr/share/texmf-dist/tex/latex/koma-script/scrlogo.sty
Package: scrlogo 2021/03/17 v3.33 KOMA-Script package (logo)
)))))
(/usr/share/texmf-dist/tex/latex/beamer/beamerbasetranslator.sty
(/usr/share/texmf-dist/tex/latex/translator/translator.sty
Package: translator 2020-08-03 v1.12c Easy translation of strings in LaTeX
))
(/usr/share/texmf-dist/tex/latex/beamer/beamerbasemisc.sty)
(/usr/share/texmf-dist/tex/latex/beamer/beamerbasetwoscreens.sty)
(/usr/share/texmf-dist/tex/latex/beamer/beamerbaseoverlay.sty
\beamer@argscount=\count291
\beamer@lastskipcover=\skip50
\beamer@trivlistdepth=\count292
)
(/usr/share/texmf-dist/tex/latex/beamer/beamerbasetitle.sty)
(/usr/share/texmf-dist/tex/latex/beamer/beamerbasesection.sty
\c@lecture=\count293
\c@part=\count294
\c@section=\count295
\c@subsection=\count296
\c@subsubsection=\count297
)
(/usr/share/texmf-dist/tex/latex/beamer/beamerbaseframe.sty
\beamer@framebox=\box62
\beamer@frametitlebox=\box63
\beamer@zoombox=\box64
\beamer@zoomcount=\count298
\beamer@zoomframecount=\count299
\beamer@frametextheight=\dimen261
\c@subsectionslide=\count300
\beamer@frametopskip=\skip51
\beamer@framebottomskip=\skip52
\beamer@frametopskipautobreak=\skip53
\beamer@framebottomskipautobreak=\skip54
\beamer@envbody=\toks29
\framewidth=\dimen262
\c@framenumber=\count301
)
(/usr/share/texmf-dist/tex/latex/beamer/beamerbaseverbatim.sty
\beamer@verbatimfileout=\write4
)
(/usr/share/texmf-dist/tex/latex/beamer/beamerbaseframesize.sty
\beamer@splitbox=\box65
\beamer@autobreakcount=\count302
\beamer@autobreaklastheight=\dimen263
\beamer@frametitletoks=\toks30
\beamer@framesubtitletoks=\toks31
)
(/usr/share/texmf-dist/tex/latex/beamer/beamerbaseframecomponents.sty
\beamer@footins=\box66
)
(/usr/share/texmf-dist/tex/latex/beamer/beamerbasecolor.sty)
(/usr/share/texmf-dist/tex/latex/beamer/beamerbasenotes.sty
\beamer@frameboxcopy=\box67
)
(/usr/share/texmf-dist/tex/latex/beamer/beamerbasetoc.sty)
(/usr/share/texmf-dist/tex/latex/beamer/beamerbasetemplates.sty
\beamer@sbttoks=\toks32

(/usr/share/texmf-dist/tex/latex/beamer/beamerbaseauxtemplates.sty
(/usr/share/texmf-dist/tex/latex/beamer/beamerbaseboxes.sty
\bmb@box=\box68
\bmb@colorbox=\box69
\bmb@boxwidth=\dimen264
\bmb@boxheight=\dimen265
\bmb@prevheight=\dimen266
\bmb@temp=\dimen267
\bmb@dima=\dimen268
\bmb@dimb=\dimen269
\bmb@prevheight=\dimen270
)
\beamer@blockheadheight=\dimen271
))
(/usr/share/texmf-dist/tex/latex/beamer/beamerbaselocalstructure.sty
(/usr/share/texmf-dist/tex/latex/tools/enumerate.sty
Package: enumerate 2015/07/23 v3.00 enumerate extensions (DPC)
\@enLab=\toks33
)
\beamer@bibiconwidth=\skip55
\c@figure=\count303
\c@table=\count304
\abovecaptionskip=\skip56
\belowcaptionskip=\skip57
)
(/usr/share/texmf-dist/tex/latex/beamer/beamerbasenavigation.sty
\beamer@section@min@dim=\dimen272
)
(/usr/share/texmf-dist/tex/latex/beamer/beamerbasetheorems.sty
(/usr/share/texmf-dist/tex/latex/amsmath/amsmath.sty
Package: amsmath 2020/09/23 v2.17i AMS math features
\@mathmargin=\skip58

For additional information on amsmath, use the `?' option.
(/usr/share/texmf-dist/tex/latex/amsmath/amstext.sty
Package: amstext 2000/06/29 v2.01 AMS text

(/usr/share/texmf-dist/tex/latex/amsmath/amsgen.sty
File: amsgen.sty 1999/11/30 v2.0 generic functions
\@emptytoks=\toks34
\ex@=\dimen273
))
(/usr/share/texmf-dist/tex/latex/amsmath/amsbsy.sty
Package: amsbsy 1999/11/29 v1.2d Bold Symbols
\pmbraise@=\dimen274
)
(/usr/share/texmf-dist/tex/latex/amsmath/amsopn.sty
Package: amsopn 2016/03/08 v2.02 operator names
)
\inf@bad=\count305
LaTeX Info: Redefining \frac on input line 236.
\uproot@=\count306
\leftroot@=\count307
LaTeX Info: Redefining \overline on input line 399.
\classnum@=\count308
\DOTSCASE@=\count309
LaTeX Info: Redefining \ldots on input line 496.
LaTeX Info: Redefining \dots on input line 499.
LaTeX Info: Redefining \cdots on input line 620.
\Mathstrutbox@=\box70
\strutbox@=\box71
\big@size=\dimen275
LaTeX Font Info:    Redeclaring font encoding OML on input line 743.
LaTeX Font Info:    Redeclaring font encoding OMS on input line 744.
\macc@depth=\count310
\c@MaxMatrixCols=\count311
\dotsspace@=\muskip17
\c@parentequation=\count312
\dspbrk@lvl=\count313
\tag@help=\toks35
\row@=\count314
\column@=\count315
\maxfields@=\count316
\andhelp@=\toks36
\eqnshift@=\dimen276
\alignsep@=\dimen277
\tagshift@=\dimen278
\tagwidth@=\dimen279
\totwidth@=\dimen280
\lineht@=\dimen281
\@envbody=\toks37
\multlinegap=\skip59
\multlinetaggap=\skip60
\mathdisplay@stack=\toks38
LaTeX Info: Redefining \[ on input line 2923.
LaTeX Info: Redefining \] on input line 2924.
)
(/usr/share/texmf-dist/tex/latex/amscls/amsthm.sty
Package: amsthm 2020/05/29 v2.20.6
\thm@style=\toks39
\thm@bodyfont=\toks40
\thm@headfont=\toks41
\thm@notefont=\toks42
\thm@headpunct=\toks43
\thm@preskip=\skip61
\thm@postskip=\skip62
\thm@headsep=\skip63
\dth@everypar=\toks44
)
\c@theorem=\count317
)
(/usr/share/texmf-dist/tex/latex/beamer/beamerbasethemes.sty))
(/usr/share/texmf-dist/tex/latex/beamer/beamerthemedefault.sty
(/usr/share/texmf-dist/tex/latex/beamer/beamerfontthemedefault.sty)
(/usr/share/texmf-dist/tex/latex/beamer/beamercolorthemedefault.sty)
(/usr/share/texmf-dist/tex/latex/beamer/beamerinnerthemedefault.sty
\beamer@dima=\dimen282
\beamer@dimb=\dimen283
)
(/usr/share/texmf-dist/tex/latex/beamer/beamerouterthemedefault.sty)))
(./beamerthemeUniNA.sty
Package: beamerthemeUniNA 2018/11/16 An unofficial beamer theme for the Univers
ity of Naples "Federico II"

(/usr/share/texmf-dist/tex/latex/pgf/frontendlayer/tikz.sty
(/usr/share/texmf-dist/tex/latex/pgf/basiclayer/pgf.sty
Package: pgf 2020/12/27 v3.1.8b (3.1.8b)

(/usr/share/texmf-dist/tex/generic/pgf/modules/pgfmoduleshapes.code.tex
File: pgfmoduleshapes.code.tex 2020/12/27 v3.1.8b (3.1.8b)
\pgfnodeparttextbox=\box72
)
(/usr/share/texmf-dist/tex/generic/pgf/modules/pgfmoduleplot.code.tex
File: pgfmoduleplot.code.tex 2020/12/27 v3.1.8b (3.1.8b)
)
(/usr/share/texmf-dist/tex/latex/pgf/compatibility/pgfcomp-version-0-65.sty
Package: pgfcomp-version-0-65 2020/12/27 v3.1.8b (3.1.8b)
\pgf@nodesepstart=\dimen284
\pgf@nodesepend=\dimen285
)
(/usr/share/texmf-dist/tex/latex/pgf/compatibility/pgfcomp-version-1-18.sty
Package: pgfcomp-version-1-18 2020/12/27 v3.1.8b (3.1.8b)
))
(/usr/share/texmf-dist/tex/latex/pgf/utilities/pgffor.sty
(/usr/share/texmf-dist/tex/latex/pgf/utilities/pgfkeys.sty
(/usr/share/texmf-dist/tex/generic/pgf/utilities/pgfkeys.code.tex))
(/usr/share/texmf-dist/tex/latex/pgf/math/pgfmath.sty
(/usr/share/texmf-dist/tex/generic/pgf/math/pgfmath.code.tex))
(/usr/share/texmf-dist/tex/generic/pgf/utilities/pgffor.code.tex
Package: pgffor 2020/12/27 v3.1.8b (3.1.8b)

(/usr/share/texmf-dist/tex/generic/pgf/math/pgfmath.code.tex)
\pgffor@iter=\dimen286
\pgffor@skip=\dimen287
\pgffor@stack=\toks45
\pgffor@toks=\toks46
))
(/usr/share/texmf-dist/tex/generic/pgf/frontendlayer/tikz/tikz.code.tex
Package: tikz 2020/12/27 v3.1.8b (3.1.8b)

(/usr/share/texmf-dist/tex/generic/pgf/libraries/pgflibraryplothandlers.code.te
x
File: pgflibraryplothandlers.code.tex 2020/12/27 v3.1.8b (3.1.8b)
\pgf@plot@mark@count=\count318
\pgfplotmarksize=\dimen288
)
\tikz@lastx=\dimen289
\tikz@lasty=\dimen290
\tikz@lastxsaved=\dimen291
\tikz@lastysaved=\dimen292
\tikz@lastmovetox=\dimen293
\tikz@lastmovetoy=\dimen294
\tikzleveldistance=\dimen295
\tikzsiblingdistance=\dimen296
\tikz@figbox=\box73
\tikz@figbox@bg=\box74
\tikz@tempbox=\box75
\tikz@tempbox@bg=\box76
\tikztreelevel=\count319
\tikznumberofchildren=\count320
\tikznumberofcurrentchild=\count321
\tikz@fig@count=\count322
 (/usr/share/texmf-dist/tex/generic/pgf/modules/pgfmodulematrix.code.tex
File: pgfmodulematrix.code.tex 2020/12/27 v3.1.8b (3.1.8b)
\pgfmatrixcurrentrow=\count323
\pgfmatrixcurrentcolumn=\count324
\pgf@matrix@numberofcolumns=\count325
)
\tikz@expandcount=\count326

(/usr/share/texmf-dist/tex/generic/pgf/frontendlayer/tikz/libraries/tikzlibrary
topaths.code.tex
File: tikzlibrarytopaths.code.tex 2020/12/27 v3.1.8b (3.1.8b)
)))
(/usr/share/texmf-dist/tex/generic/pgf/frontendlayer/tikz/libraries/tikzlibrary
positioning.code.tex
File: tikzlibrarypositioning.code.tex 2020/12/27 v3.1.8b (3.1.8b)
)
(/usr/share/texmf-dist/tex/generic/pgf/frontendlayer/tikz/libraries/tikzlibrary
automata.code.tex
File: tikzlibraryautomata.code.tex 2020/12/27 v3.1.8b (3.1.8b)

(/usr/share/texmf-dist/tex/generic/pgf/frontendlayer/tikz/libraries/tikzlibrary
shapes.multipart.code.tex
File: tikzlibraryshapes.multipart.code.tex 2020/12/27 v3.1.8b (3.1.8b)

(/usr/share/texmf-dist/tex/generic/pgf/libraries/shapes/pgflibraryshapes.multip
art.code.tex
File: pgflibraryshapes.multipart.code.tex 2020/12/27 v3.1.8b (3.1.8b)
\pgfnodepartlowerbox=\box77
\pgfnodeparttwobox=\box78
\pgfnodepartthreebox=\box79
\pgfnodepartfourbox=\box80
\pgfnodeparttwentybox=\box81
\pgfnodepartnineteenbox=\box82
\pgfnodeparteighteenbox=\box83
\pgfnodepartseventeenbox=\box84
\pgfnodepartsixteenbox=\box85
\pgfnodepartfifteenbox=\box86
\pgfnodepartfourteenbox=\box87
\pgfnodepartthirteenbox=\box88
\pgfnodeparttwelvebox=\box89
\pgfnodepartelevenbox=\box90
\pgfnodeparttenbox=\box91
\pgfnodepartninebox=\box92
\pgfnodeparteightbox=\box93
\pgfnodepartsevenbox=\box94
\pgfnodepartsixbox=\box95
\pgfnodepartfivebox=\box96
)))
(/usr/share/texmf-dist/tex/generic/pgf/frontendlayer/tikz/libraries/tikzlibrary
calc.code.tex
File: tikzlibrarycalc.code.tex 2020/12/27 v3.1.8b (3.1.8b)
)
(/usr/share/texmf-dist/tex/generic/pgf/frontendlayer/tikz/libraries/tikzlibrary
fit.code.tex
File: tikzlibraryfit.code.tex 2020/12/27 v3.1.8b (3.1.8b)
)
(/usr/share/texmf-dist/tex/generic/pgf/frontendlayer/tikz/libraries/tikzlibrary
shapes.code.tex
File: tikzlibraryshapes.code.tex 2020/12/27 v3.1.8b (3.1.8b)

(/usr/share/texmf-dist/tex/generic/pgf/frontendlayer/tikz/libraries/tikzlibrary
shapes.geometric.code.tex
File: tikzlibraryshapes.geometric.code.tex 2020/12/27 v3.1.8b (3.1.8b)

(/usr/share/texmf-dist/tex/generic/pgf/libraries/shapes/pgflibraryshapes.geomet
ric.code.tex
File: pgflibraryshapes.geometric.code.tex 2020/12/27 v3.1.8b (3.1.8b)
))
(/usr/share/texmf-dist/tex/generic/pgf/frontendlayer/tikz/libraries/tikzlibrary
shapes.misc.code.tex
File: tikzlibraryshapes.misc.code.tex 2020/12/27 v3.1.8b (3.1.8b)

(/usr/share/texmf-dist/tex/generic/pgf/libraries/shapes/pgflibraryshapes.misc.c
ode.tex
File: pgflibraryshapes.misc.code.tex 2020/12/27 v3.1.8b (3.1.8b)
))
(/usr/share/texmf-dist/tex/generic/pgf/frontendlayer/tikz/libraries/tikzlibrary
shapes.symbols.code.tex
File: tikzlibraryshapes.symbols.code.tex 2020/12/27 v3.1.8b (3.1.8b)

(/usr/share/texmf-dist/tex/generic/pgf/libraries/shapes/pgflibraryshapes.symbol
s.code.tex
File: pgflibraryshapes.symbols.code.tex 2020/12/27 v3.1.8b (3.1.8b)
))
(/usr/share/texmf-dist/tex/generic/pgf/frontendlayer/tikz/libraries/tikzlibrary
shapes.arrows.code.tex
File: tikzlibraryshapes.arrows.code.tex 2020/12/27 v3.1.8b (3.1.8b)

(/usr/share/texmf-dist/tex/generic/pgf/libraries/shapes/pgflibraryshapes.arrows
.code.tex
File: pgflibraryshapes.arrows.code.tex 2020/12/27 v3.1.8b (3.1.8b)
))
(/usr/share/texmf-dist/tex/generic/pgf/frontendlayer/tikz/libraries/tikzlibrary
shapes.callouts.code.tex
(/usr/share/texmf-dist/tex/generic/pgf/libraries/shapes/pgflibraryshapes.callou
ts.code.tex)))
(/usr/share/texmf-dist/tex/generic/pgf/frontendlayer/tikz/libraries/tikzlibrary
backgrounds.code.tex
File: tikzlibrarybackgrounds.code.tex 2020/12/27 v3.1.8b (3.1.8b)
\pgf@layerbox@background=\box97
\pgf@layerboxsaved@background=\box98
)
(/usr/share/texmf-dist/tex/generic/pgf/libraries/pgflibraryarrows.meta.code.tex
File: pgflibraryarrows.meta.code.tex 2020/12/27 v3.1.8b (3.1.8b)
\pgfarrowinset=\dimen297
\pgfarrowlength=\dimen298
\pgfarrowwidth=\dimen299
\pgfarrowlinewidth=\dimen300
)
(/usr/share/texmf-dist/tex/latex/pgf/frontendlayer/libraries/tikzlibraryexterna
l.code.tex
(/usr/share/texmf-dist/tex/generic/pgf/frontendlayer/tikz/libraries/tikzexterna
lshared.code.tex)) (/usr/share/texmf-dist/tex/latex/tools/calc.sty
Package: calc 2017/05/25 v4.3 Infix arithmetic (KKT,FJ)
\calc@Acount=\count327
\calc@Bcount=\count328
\calc@Adimen=\dimen301
\calc@Bdimen=\dimen302
\calc@Askip=\skip64
\calc@Bskip=\skip65
LaTeX Info: Redefining \setlength on input line 80.
LaTeX Info: Redefining \addtolength on input line 81.
\calc@Ccount=\count329
\calc@Cskip=\skip66
)
(/usr/share/texmf-dist/tex/latex/fp/fp.sty
Package: fp 1995/04/02

`Fixed Point Package', Version 0.8, April 2, 1995 (C) Michael Mehlich
(/usr/share/texmf-dist/tex/latex/fp/defpattern.sty
Package: defpattern 1994/10/12
\actioncount=\count330
)
(/usr/share/texmf-dist/tex/latex/fp/fp-basic.sty
Package: fp-basic 1996/05/13
\FP@xs=\count331
\FP@xia=\count332
\FP@xib=\count333
\FP@xfa=\count334
\FP@xfb=\count335
\FP@rega=\count336
\FP@regb=\count337
\FP@regs=\count338
\FP@times=\count339
)
(/usr/share/texmf-dist/tex/latex/fp/fp-addons.sty
Package: fp-addons 1995/03/15
)
(/usr/share/texmf-dist/tex/latex/fp/fp-snap.sty
Package: fp-snap 1995/04/05
)
(/usr/share/texmf-dist/tex/latex/fp/fp-exp.sty
Package: fp-exp 1995/04/03
)
(/usr/share/texmf-dist/tex/latex/fp/fp-trigo.sty
Package: fp-trigo 1995/04/14
)
(/usr/share/texmf-dist/tex/latex/fp/fp-pas.sty
Package: fp-pas 1994/08/29
)
(/usr/share/texmf-dist/tex/latex/fp/fp-random.sty
Package: fp-random 1995/02/23
\FPseed=\count340
)
(/usr/share/texmf-dist/tex/latex/fp/fp-eqn.sty
Package: fp-eqn 1995/04/03
)
(/usr/share/texmf-dist/tex/latex/fp/fp-upn.sty
Package: fp-upn 1996/10/21
)
(/usr/share/texmf-dist/tex/latex/fp/fp-eval.sty
Package: fp-eval 1995/04/03
)) (./beamerinnerthemeUniNA.sty
Package: beamerinnerthemeUniNA 2021/11/26 Un tema beamer non ufficiale per L'un
iversità di Trieste

(/usr/share/texmf-dist/tex/latex/setspace/setspace.sty
Package: setspace 2011/12/19 v6.7a set line spacing
)
(/usr/share/texmf-dist/tex/latex/transparent/transparent.sty
Package: transparent 2019/11/29 v1.4 Transparency via pdfTeX's color stack (HO)

)
(/usr/share/texmf-dist/tex/latex/adjustbox/adjustbox.sty
Package: adjustbox 2020/08/19 v1.3 Adjusting TeX boxes (trim, clip, ...)

(/usr/share/texmf-dist/tex/latex/xkeyval/xkeyval.sty
Package: xkeyval 2020/11/20 v2.8 package option processing (HA)

(/usr/share/texmf-dist/tex/generic/xkeyval/xkeyval.tex
(/usr/share/texmf-dist/tex/generic/xkeyval/xkvutils.tex
\XKV@toks=\toks47
\XKV@tempa@toks=\toks48
)
\XKV@depth=\count341
File: xkeyval.tex 2014/12/03 v2.7a key=value parser (HA)
))
(/usr/share/texmf-dist/tex/latex/adjustbox/adjcalc.sty
Package: adjcalc 2012/05/16 v1.1 Provides advanced setlength with multiple back
-ends (calc, etex, pgfmath)
)
(/usr/share/texmf-dist/tex/latex/adjustbox/trimclip.sty
Package: trimclip 2020/08/19 v1.2 Trim and clip general TeX material

(/usr/share/texmf-dist/tex/latex/collectbox/collectbox.sty
Package: collectbox 2012/05/17 v0.4b Collect macro arguments as boxes
\collectedbox=\box99
)
\tc@llx=\dimen303
\tc@lly=\dimen304
\tc@urx=\dimen305
\tc@ury=\dimen306

(/usr/share/texmf-dist/tex/latex/adjustbox/tc-pgf.def
File: tc-pgf.def 2019/01/04 v2.2 trimclip fall-back clipping driver using PGF
)
Package trimclip Info: No clipping driver 'tc-luatex.def' available.
(trimclip)             Using fall-back PGF driver.
)
\adjbox@Width=\dimen307
\adjbox@Height=\dimen308
\adjbox@Depth=\dimen309
\adjbox@Totalheight=\dimen310
\adjbox@pwidth=\dimen311
\adjbox@pheight=\dimen312
\adjbox@pdepth=\dimen313
\adjbox@ptotalheight=\dimen314

(/usr/share/texmf-dist/tex/latex/ifoddpage/ifoddpage.sty
Package: ifoddpage 2016/04/23 v1.1 Conditionals for odd/even page detection
\c@checkoddpage=\count342
)
(/usr/share/texmf-dist/tex/latex/varwidth/varwidth.sty
Package: varwidth 2009/03/30 ver 0.92;  Variable-width minipages
\@vwid@box=\box100
\sift@deathcycles=\count343
\@vwid@loff=\dimen315
\@vwid@roff=\dimen316
)))
(./beamerouterthemeUniNA.sty
Package: beamerouterthemeUniNA 2018/11/16 An unofficial beamer theme for the Un
iversity of Naples "Federico II"
\beamer@height=\skip67
\beamer@logoradius=\skip68
\beamer@borderwidth=\skip69
\beamer@logoinnerradius=\skip70
\beamer@logoouterradius=\skip71
\beamer@counterradius=\skip72
) (./beamercolorthemeUniNA.sty
Package: beamercolorthemeUniNA 2018/11/16 An unofficial beamer theme for the Un
iversity of Naples "Federico II"
)
(./beamerfontthemeUniNA.sty

LaTeX Warning: You have requested package `beamerfontthemeUniNA',
               but the package provides `beamerouterthemeUniNA'.

Package: beamerouterthemeUniNA 2018/11/16 An unofficial beamer theme for the Un
iversity of Naples "Federico II"
)) (/usr/share/texmf-dist/tex/latex/base/inputenc.sty
Package: inputenc 2020/08/01 v1.3d Input encoding file
\inpenc@prehook=\toks49
\inpenc@posthook=\toks50


Package inputenc Warning: inputenc package ignored with utf8 based engines.

) (/usr/share/texmf-dist/tex/generic/babel/babel.sty
Package: babel 2021/03/24 3.56 The Babel package

(/usr/share/texmf-dist/tex/generic/babel/babel.def
File: babel.def 2021/03/24 3.56 Babel common definitions

(/usr/share/texmf-dist/tex/generic/babel/luababel.def
\bbl@readstream=\read3
\l@dumylang=\language2
Package babel Info: Non-standard hyphenation setup on input line 117.
\l@nohyphenation=\language3
\l@german-x-2021-02-26=\language4
\l@ngerman-x-2021-02-26=\language5
\l@afrikaans=\language6
\l@ancientgreek=\language7
\l@ibycus=\language8
\l@arabic=\language9
\l@armenian=\language10
\l@basque=\language11
\l@belarusian=\language12
\l@bulgarian=\language13
\l@catalan=\language14
\l@pinyin=\language15
\l@churchslavonic=\language16
\l@coptic=\language17
\l@croatian=\language18
\l@czech=\language19
\l@danish=\language20
\l@dutch=\language21
\l@ukenglish=\language22
\l@usenglishmax=\language23
\l@esperanto=\language24
\l@estonian=\language25
\l@ethiopic=\language26
\l@farsi=\language27
\l@finnish=\language28
\l@schoolfinnish=\language29
\l@french=\language30
\l@friulan=\language31
\l@galician=\language32
\l@georgian=\language33
\l@german=\language34
\l@ngerman=\language35
\l@swissgerman=\language36
\l@greek=\language37
\l@monogreek=\language38
\l@hungarian=\language39
\l@icelandic=\language40
\l@assamese=\language41
\l@bengali=\language42
\l@gujarati=\language43
\l@hindi=\language44
\l@kannada=\language45
\l@malayalam=\language46
\l@marathi=\language47
\l@oriya=\language48
\l@pali=\language49
\l@panjabi=\language50
\l@tamil=\language51
\l@telugu=\language52
\l@indonesian=\language53
\l@interlingua=\language54
\l@irish=\language55
\l@italian=\language56
\l@kurmanji=\language57
\l@classiclatin=\language58
\l@latin=\language59
\l@liturgicallatin=\language60
\l@latvian=\language61
\l@lithuanian=\language62
\l@macedonian=\language63
\l@mongolian=\language64
\l@mongolianlmc=\language65
\l@bokmal=\language66
\l@nynorsk=\language67
\l@occitan=\language68
\l@piedmontese=\language69
\l@polish=\language70
\l@portuguese=\language71
\l@romanian=\language72
\l@romansh=\language73
\l@russian=\language74
\l@sanskrit=\language75
\l@serbian=\language76
\l@serbianc=\language77
\l@slovak=\language78
\l@slovenian=\language79
\l@spanish=\language80
\l@swedish=\language81
\l@thai=\language82
\l@turkish=\language83
\l@turkmen=\language84
\l@ukrainian=\language85
\l@uppersorbian=\language86
\l@welsh=\language87
\babelcatcodetablenum=\catcodetable12
\bbl@pattcodes=\catcodetable13
)
\babel@savecnt=\count344
\U@D=\dimen317
\l@babelnohyphens=\language88

(/usr/share/texmf-dist/tex/generic/babel/luababel.def
\bbl@attr@locale=\attribute4
))
LaTeX Info: Redefining \textlatin on input line 717.

(/usr/share/texmf-dist/tex/generic/babel-italian/italian.ldf
Language: italian 2020/05/21 v.1.4.04 Italian support for the babel system
\it@lettering=\count345
\it@doublequoteactive=\count346
\it@ISOcompliance=\count347

(/usr/share/texmf-dist/tex/generic/hyph-utf8/loadhyph/loadhyph-it.tex
UTF-8 Italian hyphenation patterns
(/usr/share/texmf-dist/tex/generic/hyph-utf8/patterns/tex/hyph-it.tex)
(/usr/share/texmf-dist/tex/generic/hyph-utf8/patterns/quote/hyph-quote-it.tex)))
) (/usr/share/texmf-dist/tex/latex/base/fontenc.sty
Package: fontenc 2020/08/10 v2.0s Standard LaTeX package
LaTeX Font Info:    Trying to load font information for T1+lmss on input line 1
12.

(/usr/share/texmf-dist/tex/latex/lm/t1lmss.fd
File: t1lmss.fd 2015/05/01 v1.6.1 Font defs for Latin Modern
))
(/usr/share/texmf-dist/tex/latex/beamer/multimedia.sty
Package: multimedia 2012/05/02 ver 0.02
\mm@movie=\count348
)
(/usr/share/texmf-dist/tex/latex/bera/beramono.sty
Package: beramono 2004/01/31 (WaS)
)
(/usr/share/texmf-dist/tex/latex/alegreya/AlegreyaSans.sty
Package: AlegreyaSans 2019/10/12 (Bob Tennent) Supports AlegreyaSans fonts for 
all LaTeX engines. 

(/usr/share/texmf-dist/tex/generic/iftex/ifxetex.sty
Package: ifxetex 2019/10/25 v0.7 ifxetex legacy package. Use iftex instead.
)
(/usr/share/texmf-dist/tex/generic/iftex/ifluatex.sty
Package: ifluatex 2019/10/25 v1.5 ifluatex legacy package. Use iftex instead.
)
(/usr/share/texmf-dist/tex/latex/base/textcomp.sty
Package: textcomp 2020/02/02 v2.0n Standard LaTeX package
)
(/usr/share/texmf-dist/tex/latex/fontspec/fontspec.sty
(/usr/share/texmf-dist/tex/latex/l3packages/xparse/xparse.sty
(/usr/share/texmf-dist/tex/latex/l3kernel/expl3.sty
Package: expl3 2021-02-18 L3 programming layer (loader) 

(/usr/share/texmf-dist/tex/latex/l3backend/l3backend-luatex.def
File: l3backend-luatex.def 2021-03-18 L3 backend support: PDF output (LuaTeX)
\l__color_backend_stack_int=\count349
\l__pdf_internal_box=\box101
))
(/usr/share/texmf-dist/tex/latex/l3packages/xparse/xparse-2020-10-01.sty
(/usr/share/texmf-dist/tex/latex/l3packages/xparse/xparse-generic.tex)))
Package: fontspec 2020/02/21 v2.7i Font selection for XeLaTeX and LuaLaTeX
Lua module: fontspec 2020/02/21 2.7i Font selection for XeLaTeX and LuaLaTeX
(/usr/share/texmf-dist/tex/latex/fontspec/fontspec-luatex.sty
Package: fontspec-luatex 2020/02/21 v2.7i Font selection for XeLaTeX and LuaLaT
eX
\l__fontspec_script_int=\count350
\l__fontspec_language_int=\count351
\l__fontspec_strnum_int=\count352
\l__fontspec_tmp_int=\count353
\l__fontspec_tmpa_int=\count354
\l__fontspec_tmpb_int=\count355
\l__fontspec_tmpc_int=\count356
\l__fontspec_em_int=\count357
\l__fontspec_emdef_int=\count358
\l__fontspec_strong_int=\count359
\l__fontspec_strongdef_int=\count360
\l__fontspec_tmpa_dim=\dimen318
\l__fontspec_tmpb_dim=\dimen319
\l__fontspec_tmpc_dim=\dimen320

(/usr/share/texmf-dist/tex/latex/base/fontenc.sty
Package: fontenc 2020/08/10 v2.0s Standard LaTeX package
)
(/usr/share/texmf-dist/tex/latex/fontspec/fontspec.cfg)))

Package fontspec Info: Font family 'AlegreyaSans(0)' created for font
(fontspec)             'AlegreyaSans' with options [Ligatures = TeX,Extension
(fontspec)             = .otf,Scale = 1.15,Ligatures=TeX,Numbers =
(fontspec)             {Proportional,Lining},UprightFont =
(fontspec)             *-Regular,ItalicFont = *-Italic,BoldFont =
(fontspec)             *-Bold,BoldItalicFont = *-BoldItalic].
(fontspec)              
(fontspec)              This font family consists of the following NFSS
(fontspec)             series/shapes:
(fontspec)              
(fontspec)             - 'normal' (m/n) with NFSS spec.:
(fontspec)             <->s*[1.15]"[AlegreyaSans-Regular.otf]:mode=node;script=
latn;language=dflt;+tlig;+pnum;+lnum;"
(fontspec)             - 'small caps'  (m/sc) with NFSS spec.:
(fontspec)             <->s*[1.15]"[AlegreyaSans-Regular.otf]:mode=node;script=
latn;language=dflt;+tlig;+pnum;+lnum;+smcp;"
(fontspec)             - 'bold' (b/n) with NFSS spec.:
(fontspec)             <->s*[1.15]"[AlegreyaSans-Bold.otf]:mode=node;script=lat
n;language=dflt;+tlig;+pnum;+lnum;"
(fontspec)             - 'bold small caps'  (b/sc) with NFSS spec.:
(fontspec)             <->s*[1.15]"[AlegreyaSans-Bold.otf]:mode=node;script=lat
n;language=dflt;+tlig;+pnum;+lnum;+smcp;"
(fontspec)             - 'italic' (m/it) with NFSS spec.:
(fontspec)             <->s*[1.15]"[AlegreyaSans-Italic.otf]:mode=node;script=l
atn;language=dflt;+tlig;+pnum;+lnum;"
(fontspec)             - 'italic small caps'  (m/scit) with NFSS spec.:
(fontspec)             <->s*[1.15]"[AlegreyaSans-Italic.otf]:mode=node;script=l
atn;language=dflt;+tlig;+pnum;+lnum;+smcp;"
(fontspec)             - 'bold italic' (b/it) with NFSS spec.:
(fontspec)             <->s*[1.15]"[AlegreyaSans-BoldItalic.otf]:mode=node;scri
pt=latn;language=dflt;+tlig;+pnum;+lnum;"
(fontspec)             - 'bold italic small caps'  (b/scit) with NFSS spec.:
(fontspec)             <->s*[1.15]"[AlegreyaSans-BoldItalic.otf]:mode=node;scri
pt=latn;language=dflt;+tlig;+pnum;+lnum;+smcp;"

LaTeX Font Info:    Font shape `TU/AlegreyaSans(0)/m/n' will be
(Font)              scaled to size 11.49994pt on input line 186.

Package fontspec Info: Font family 'AlegreyaSans(1)' created for font
(fontspec)             'AlegreyaSans' with options [Ligatures = TeX,Extension
(fontspec)             = .otf,Scale = 1.15,Numbers =
(fontspec)             {Proportional,Lining},UprightFont =
(fontspec)             *-Regular,ItalicFont = *-Italic,BoldFont =
(fontspec)             *-Bold,BoldItalicFont = *-BoldItalic].
(fontspec)              
(fontspec)              This font family consists of the following NFSS
(fontspec)             series/shapes:
(fontspec)              
(fontspec)             - 'normal' (m/n) with NFSS spec.:
(fontspec)             <->s*[1.15]"[AlegreyaSans-Regular.otf]:mode=node;script=
latn;language=dflt;+tlig;+pnum;+lnum;"
(fontspec)             - 'small caps'  (m/sc) with NFSS spec.:
(fontspec)             <->s*[1.15]"[AlegreyaSans-Regular.otf]:mode=node;script=
latn;language=dflt;+tlig;+pnum;+lnum;+smcp;"
(fontspec)             - 'bold' (b/n) with NFSS spec.:
(fontspec)             <->s*[1.15]"[AlegreyaSans-Bold.otf]:mode=node;script=lat
n;language=dflt;+tlig;+pnum;+lnum;"
(fontspec)             - 'bold small caps'  (b/sc) with NFSS spec.:
(fontspec)             <->s*[1.15]"[AlegreyaSans-Bold.otf]:mode=node;script=lat
n;language=dflt;+tlig;+pnum;+lnum;+smcp;"
(fontspec)             - 'italic' (m/it) with NFSS spec.:
(fontspec)             <->s*[1.15]"[AlegreyaSans-Italic.otf]:mode=node;script=l
atn;language=dflt;+tlig;+pnum;+lnum;"
(fontspec)             - 'italic small caps'  (m/scit) with NFSS spec.:
(fontspec)             <->s*[1.15]"[AlegreyaSans-Italic.otf]:mode=node;script=l
atn;language=dflt;+tlig;+pnum;+lnum;+smcp;"
(fontspec)             - 'bold italic' (b/it) with NFSS spec.:
(fontspec)             <->s*[1.15]"[AlegreyaSans-BoldItalic.otf]:mode=node;scri
pt=latn;language=dflt;+tlig;+pnum;+lnum;"
(fontspec)             - 'bold italic small caps'  (b/scit) with NFSS spec.:
(fontspec)             <->s*[1.15]"[AlegreyaSans-BoldItalic.otf]:mode=node;scri
pt=latn;language=dflt;+tlig;+pnum;+lnum;+smcp;"


Package fontspec Info: Font family 'AlegreyaSans(2)' created for font
(fontspec)             'AlegreyaSans' with options [Ligatures = TeX,Extension
(fontspec)             = .otf,Scale = 1.15,Numbers =
(fontspec)             {Proportional,OldStyle},UprightFont =
(fontspec)             *-Regular,ItalicFont = *-Italic,BoldFont =
(fontspec)             *-Bold,BoldItalicFont = *-BoldItalic].
(fontspec)              
(fontspec)              This font family consists of the following NFSS
(fontspec)             series/shapes:
(fontspec)              
(fontspec)             - 'normal' (m/n) with NFSS spec.:
(fontspec)             <->s*[1.15]"[AlegreyaSans-Regular.otf]:mode=node;script=
latn;language=dflt;+tlig;+pnum;+onum;"
(fontspec)             - 'small caps'  (m/sc) with NFSS spec.:
(fontspec)             <->s*[1.15]"[AlegreyaSans-Regular.otf]:mode=node;script=
latn;language=dflt;+tlig;+pnum;+onum;+smcp;"
(fontspec)             - 'bold' (b/n) with NFSS spec.:
(fontspec)             <->s*[1.15]"[AlegreyaSans-Bold.otf]:mode=node;script=lat
n;language=dflt;+tlig;+pnum;+onum;"
(fontspec)             - 'bold small caps'  (b/sc) with NFSS spec.:
(fontspec)             <->s*[1.15]"[AlegreyaSans-Bold.otf]:mode=node;script=lat
n;language=dflt;+tlig;+pnum;+onum;+smcp;"
(fontspec)             - 'italic' (m/it) with NFSS spec.:
(fontspec)             <->s*[1.15]"[AlegreyaSans-Italic.otf]:mode=node;script=l
atn;language=dflt;+tlig;+pnum;+onum;"
(fontspec)             - 'italic small caps'  (m/scit) with NFSS spec.:
(fontspec)             <->s*[1.15]"[AlegreyaSans-Italic.otf]:mode=node;script=l
atn;language=dflt;+tlig;+pnum;+onum;+smcp;"
(fontspec)             - 'bold italic' (b/it) with NFSS spec.:
(fontspec)             <->s*[1.15]"[AlegreyaSans-BoldItalic.otf]:mode=node;scri
pt=latn;language=dflt;+tlig;+pnum;+onum;"
(fontspec)             - 'bold italic small caps'  (b/scit) with NFSS spec.:
(fontspec)             <->s*[1.15]"[AlegreyaSans-BoldItalic.otf]:mode=node;scri
pt=latn;language=dflt;+tlig;+pnum;+onum;+smcp;"


Package fontspec Info: Font family 'AlegreyaSans(3)' created for font
(fontspec)             'AlegreyaSans' with options [Ligatures = TeX,Extension
(fontspec)             = .otf,Scale = 1.15,Numbers =
(fontspec)             {Monospaced,OldStyle},UprightFont =
(fontspec)             *-Regular,ItalicFont = *-Italic,BoldFont =
(fontspec)             *-Bold,BoldItalicFont = *-BoldItalic].
(fontspec)              
(fontspec)              This font family consists of the following NFSS
(fontspec)             series/shapes:
(fontspec)              
(fontspec)             - 'normal' (m/n) with NFSS spec.:
(fontspec)             <->s*[1.15]"[AlegreyaSans-Regular.otf]:mode=node;script=
latn;language=dflt;+tlig;+tnum;+onum;"
(fontspec)             - 'small caps'  (m/sc) with NFSS spec.:
(fontspec)             <->s*[1.15]"[AlegreyaSans-Regular.otf]:mode=node;script=
latn;language=dflt;+tlig;+tnum;+onum;+smcp;"
(fontspec)             - 'bold' (b/n) with NFSS spec.:
(fontspec)             <->s*[1.15]"[AlegreyaSans-Bold.otf]:mode=node;script=lat
n;language=dflt;+tlig;+tnum;+onum;"
(fontspec)             - 'bold small caps'  (b/sc) with NFSS spec.:
(fontspec)             <->s*[1.15]"[AlegreyaSans-Bold.otf]:mode=node;script=lat
n;language=dflt;+tlig;+tnum;+onum;+smcp;"
(fontspec)             - 'italic' (m/it) with NFSS spec.:
(fontspec)             <->s*[1.15]"[AlegreyaSans-Italic.otf]:mode=node;script=l
atn;language=dflt;+tlig;+tnum;+onum;"
(fontspec)             - 'italic small caps'  (m/scit) with NFSS spec.:
(fontspec)             <->s*[1.15]"[AlegreyaSans-Italic.otf]:mode=node;script=l
atn;language=dflt;+tlig;+tnum;+onum;+smcp;"
(fontspec)             - 'bold italic' (b/it) with NFSS spec.:
(fontspec)             <->s*[1.15]"[AlegreyaSans-BoldItalic.otf]:mode=node;scri
pt=latn;language=dflt;+tlig;+tnum;+onum;"
(fontspec)             - 'bold italic small caps'  (b/scit) with NFSS spec.:
(fontspec)             <->s*[1.15]"[AlegreyaSans-BoldItalic.otf]:mode=node;scri
pt=latn;language=dflt;+tlig;+tnum;+onum;+smcp;"


Package fontspec Info: Font family 'AlegreyaSans(4)' created for font
(fontspec)             'AlegreyaSans' with options [Ligatures = TeX,Extension
(fontspec)             = .otf,Scale = 1.15,Numbers = {Proportional,
(fontspec)             OldStyle},UprightFont = *-Regular,ItalicFont =
(fontspec)             *-Italic,BoldFont = *-Bold,BoldItalicFont =
(fontspec)             *-BoldItalic].
(fontspec)              
(fontspec)              This font family consists of the following NFSS
(fontspec)             series/shapes:
(fontspec)              
(fontspec)             - 'normal' (m/n) with NFSS spec.:
(fontspec)             <->s*[1.15]"[AlegreyaSans-Regular.otf]:mode=node;script=
latn;language=dflt;+tlig;+pnum;+onum;"
(fontspec)             - 'small caps'  (m/sc) with NFSS spec.:
(fontspec)             <->s*[1.15]"[AlegreyaSans-Regular.otf]:mode=node;script=
latn;language=dflt;+tlig;+pnum;+onum;+smcp;"
(fontspec)             - 'bold' (b/n) with NFSS spec.:
(fontspec)             <->s*[1.15]"[AlegreyaSans-Bold.otf]:mode=node;script=lat
n;language=dflt;+tlig;+pnum;+onum;"
(fontspec)             - 'bold small caps'  (b/sc) with NFSS spec.:
(fontspec)             <->s*[1.15]"[AlegreyaSans-Bold.otf]:mode=node;script=lat
n;language=dflt;+tlig;+pnum;+onum;+smcp;"
(fontspec)             - 'italic' (m/it) with NFSS spec.:
(fontspec)             <->s*[1.15]"[AlegreyaSans-Italic.otf]:mode=node;script=l
atn;language=dflt;+tlig;+pnum;+onum;"
(fontspec)             - 'italic small caps'  (m/scit) with NFSS spec.:
(fontspec)             <->s*[1.15]"[AlegreyaSans-Italic.otf]:mode=node;script=l
atn;language=dflt;+tlig;+pnum;+onum;+smcp;"
(fontspec)             - 'bold italic' (b/it) with NFSS spec.:
(fontspec)             <->s*[1.15]"[AlegreyaSans-BoldItalic.otf]:mode=node;scri
pt=latn;language=dflt;+tlig;+pnum;+onum;"
(fontspec)             - 'bold italic small caps'  (b/scit) with NFSS spec.:
(fontspec)             <->s*[1.15]"[AlegreyaSans-BoldItalic.otf]:mode=node;scri
pt=latn;language=dflt;+tlig;+pnum;+onum;+smcp;"


Package fontspec Info: Font family 'AlegreyaSans(5)' created for font
(fontspec)             'AlegreyaSans' with options [Ligatures = TeX,Extension
(fontspec)             = .otf,Scale = 1.15,Numbers =
(fontspec)             {Monospaced,Lining},UprightFont = *-Regular,ItalicFont
(fontspec)             = *-Italic,BoldFont = *-Bold,BoldItalicFont =
(fontspec)             *-BoldItalic].
(fontspec)              
(fontspec)              This font family consists of the following NFSS
(fontspec)             series/shapes:
(fontspec)              
(fontspec)             - 'normal' (m/n) with NFSS spec.:
(fontspec)             <->s*[1.15]"[AlegreyaSans-Regular.otf]:mode=node;script=
latn;language=dflt;+tlig;+tnum;+lnum;"
(fontspec)             - 'small caps'  (m/sc) with NFSS spec.:
(fontspec)             <->s*[1.15]"[AlegreyaSans-Regular.otf]:mode=node;script=
latn;language=dflt;+tlig;+tnum;+lnum;+smcp;"
(fontspec)             - 'bold' (b/n) with NFSS spec.:
(fontspec)             <->s*[1.15]"[AlegreyaSans-Bold.otf]:mode=node;script=lat
n;language=dflt;+tlig;+tnum;+lnum;"
(fontspec)             - 'bold small caps'  (b/sc) with NFSS spec.:
(fontspec)             <->s*[1.15]"[AlegreyaSans-Bold.otf]:mode=node;script=lat
n;language=dflt;+tlig;+tnum;+lnum;+smcp;"
(fontspec)             - 'italic' (m/it) with NFSS spec.:
(fontspec)             <->s*[1.15]"[AlegreyaSans-Italic.otf]:mode=node;script=l
atn;language=dflt;+tlig;+tnum;+lnum;"
(fontspec)             - 'italic small caps'  (m/scit) with NFSS spec.:
(fontspec)             <->s*[1.15]"[AlegreyaSans-Italic.otf]:mode=node;script=l
atn;language=dflt;+tlig;+tnum;+lnum;+smcp;"
(fontspec)             - 'bold italic' (b/it) with NFSS spec.:
(fontspec)             <->s*[1.15]"[AlegreyaSans-BoldItalic.otf]:mode=node;scri
pt=latn;language=dflt;+tlig;+tnum;+lnum;"
(fontspec)             - 'bold italic small caps'  (b/scit) with NFSS spec.:
(fontspec)             <->s*[1.15]"[AlegreyaSans-BoldItalic.otf]:mode=node;scri
pt=latn;language=dflt;+tlig;+tnum;+lnum;+smcp;"


Package fontspec Info: Font family 'AlegreyaSans(6)' created for font
(fontspec)             'AlegreyaSans' with options [Ligatures = TeX,Extension
(fontspec)             = .otf,Scale = 1.15,Numbers =
(fontspec)             {Proportional,Lining},UprightFont = *-Black,ItalicFont
(fontspec)             = *-BlackItalic,BoldFont = *-Black,BoldItalicFont =
(fontspec)             *-BlackItalic].
(fontspec)              
(fontspec)              This font family consists of the following NFSS
(fontspec)             series/shapes:
(fontspec)              
(fontspec)             - 'normal' (m/n) with NFSS spec.:
(fontspec)             <->s*[1.15]"[AlegreyaSans-Black.otf]:mode=node;script=la
tn;language=dflt;+tlig;+pnum;+lnum;"
(fontspec)             - 'small caps'  (m/sc) with NFSS spec.:
(fontspec)             <->s*[1.15]"[AlegreyaSans-Black.otf]:mode=node;script=la
tn;language=dflt;+tlig;+pnum;+lnum;+smcp;"
(fontspec)             - 'bold' (b/n) with NFSS spec.:
(fontspec)             <->s*[1.15]"[AlegreyaSans-Black.otf]:mode=node;script=la
tn;language=dflt;+tlig;+pnum;+lnum;"
(fontspec)             - 'bold small caps'  (b/sc) with NFSS spec.:
(fontspec)             <->s*[1.15]"[AlegreyaSans-Black.otf]:mode=node;script=la
tn;language=dflt;+tlig;+pnum;+lnum;+smcp;"
(fontspec)             - 'italic' (m/it) with NFSS spec.:
(fontspec)             <->s*[1.15]"[AlegreyaSans-BlackItalic.otf]:mode=node;scr
ipt=latn;language=dflt;+tlig;+pnum;+lnum;"
(fontspec)             - 'italic small caps'  (m/scit) with NFSS spec.:
(fontspec)             <->s*[1.15]"[AlegreyaSans-BlackItalic.otf]:mode=node;scr
ipt=latn;language=dflt;+tlig;+pnum;+lnum;+smcp;"
(fontspec)             - 'bold italic' (b/it) with NFSS spec.:
(fontspec)             <->s*[1.15]"[AlegreyaSans-BlackItalic.otf]:mode=node;scr
ipt=latn;language=dflt;+tlig;+pnum;+lnum;"
(fontspec)             - 'bold italic small caps'  (b/scit) with NFSS spec.:
(fontspec)             <->s*[1.15]"[AlegreyaSans-BlackItalic.otf]:mode=node;scr
ipt=latn;language=dflt;+tlig;+pnum;+lnum;+smcp;"


Package fontspec Info: Font family 'AlegreyaSans(7)' created for font
(fontspec)             'AlegreyaSans' with options [Ligatures = TeX,Extension
(fontspec)             = .otf,Scale = 1.15,Numbers =
(fontspec)             {Proportional,Lining},UprightFont =
(fontspec)             *-ExtraBold,ItalicFont = *-ExtraBoldItalic,BoldFont =
(fontspec)             *-ExtraBold,BoldItalicFont = *-ExtraBoldItalic].
(fontspec)              
(fontspec)              This font family consists of the following NFSS
(fontspec)             series/shapes:
(fontspec)              
(fontspec)             - 'normal' (m/n) with NFSS spec.:
(fontspec)             <->s*[1.15]"[AlegreyaSans-ExtraBold.otf]:mode=node;scrip
t=latn;language=dflt;+tlig;+pnum;+lnum;"
(fontspec)             - 'small caps'  (m/sc) with NFSS spec.:
(fontspec)             <->s*[1.15]"[AlegreyaSans-ExtraBold.otf]:mode=node;scrip
t=latn;language=dflt;+tlig;+pnum;+lnum;+smcp;"
(fontspec)             - 'bold' (b/n) with NFSS spec.:
(fontspec)             <->s*[1.15]"[AlegreyaSans-ExtraBold.otf]:mode=node;scrip
t=latn;language=dflt;+tlig;+pnum;+lnum;"
(fontspec)             - 'bold small caps'  (b/sc) with NFSS spec.:
(fontspec)             <->s*[1.15]"[AlegreyaSans-ExtraBold.otf]:mode=node;scrip
t=latn;language=dflt;+tlig;+pnum;+lnum;+smcp;"
(fontspec)             - 'italic' (m/it) with NFSS spec.:
(fontspec)             <->s*[1.15]"[AlegreyaSans-ExtraBoldItalic.otf]:mode=node
;script=latn;language=dflt;+tlig;+pnum;+lnum;"
(fontspec)             - 'italic small caps'  (m/scit) with NFSS spec.:
(fontspec)             <->s*[1.15]"[AlegreyaSans-ExtraBoldItalic.otf]:mode=node
;script=latn;language=dflt;+tlig;+pnum;+lnum;+smcp;"
(fontspec)             - 'bold italic' (b/it) with NFSS spec.:
(fontspec)             <->s*[1.15]"[AlegreyaSans-ExtraBoldItalic.otf]:mode=node
;script=latn;language=dflt;+tlig;+pnum;+lnum;"
(fontspec)             - 'bold italic small caps'  (b/scit) with NFSS spec.:
(fontspec)             <->s*[1.15]"[AlegreyaSans-ExtraBoldItalic.otf]:mode=node
;script=latn;language=dflt;+tlig;+pnum;+lnum;+smcp;"


Package fontspec Info: Font family 'AlegreyaSans(8)' created for font
(fontspec)             'AlegreyaSans' with options [Ligatures = TeX,Extension
(fontspec)             = .otf,Scale = 1.15,Numbers =
(fontspec)             {Proportional,Lining},UprightFont = *-Thin,ItalicFont =
(fontspec)             *-ThinItalic,BoldFont = *-Thin,BoldItalicFont =
(fontspec)             *-ThinItalic].
(fontspec)              
(fontspec)              This font family consists of the following NFSS
(fontspec)             series/shapes:
(fontspec)              
(fontspec)             - 'normal' (m/n) with NFSS spec.:
(fontspec)             <->s*[1.15]"[AlegreyaSans-Thin.otf]:mode=node;script=lat
n;language=dflt;+tlig;+pnum;+lnum;"
(fontspec)             - 'small caps'  (m/sc) with NFSS spec.:
(fontspec)             <->s*[1.15]"[AlegreyaSans-Thin.otf]:mode=node;script=lat
n;language=dflt;+tlig;+pnum;+lnum;+smcp;"
(fontspec)             - 'bold' (b/n) with NFSS spec.:
(fontspec)             <->s*[1.15]"[AlegreyaSans-Thin.otf]:mode=node;script=lat
n;language=dflt;+tlig;+pnum;+lnum;"
(fontspec)             - 'bold small caps'  (b/sc) with NFSS spec.:
(fontspec)             <->s*[1.15]"[AlegreyaSans-Thin.otf]:mode=node;script=lat
n;language=dflt;+tlig;+pnum;+lnum;+smcp;"
(fontspec)             - 'italic' (m/it) with NFSS spec.:
(fontspec)             <->s*[1.15]"[AlegreyaSans-ThinItalic.otf]:mode=node;scri
pt=latn;language=dflt;+tlig;+pnum;+lnum;"
(fontspec)             - 'italic small caps'  (m/scit) with NFSS spec.:
(fontspec)             <->s*[1.15]"[AlegreyaSans-ThinItalic.otf]:mode=node;scri
pt=latn;language=dflt;+tlig;+pnum;+lnum;+smcp;"
(fontspec)             - 'bold italic' (b/it) with NFSS spec.:
(fontspec)             <->s*[1.15]"[AlegreyaSans-ThinItalic.otf]:mode=node;scri
pt=latn;language=dflt;+tlig;+pnum;+lnum;"
(fontspec)             - 'bold italic small caps'  (b/scit) with NFSS spec.:
(fontspec)             <->s*[1.15]"[AlegreyaSans-ThinItalic.otf]:mode=node;scri
pt=latn;language=dflt;+tlig;+pnum;+lnum;+smcp;"


Package fontspec Info: Font family 'AlegreyaSans(9)' created for font
(fontspec)             'AlegreyaSans' with options [Ligatures = TeX,Extension
(fontspec)             = .otf,Scale = 1.15,Numbers =
(fontspec)             {Proportional,Lining},UprightFont = *-Light,ItalicFont
(fontspec)             = *-LightItalic,BoldFont = *-Light,BoldItalicFont =
(fontspec)             *-LightItalic].
(fontspec)              
(fontspec)              This font family consists of the following NFSS
(fontspec)             series/shapes:
(fontspec)              
(fontspec)             - 'normal' (m/n) with NFSS spec.:
(fontspec)             <->s*[1.15]"[AlegreyaSans-Light.otf]:mode=node;script=la
tn;language=dflt;+tlig;+pnum;+lnum;"
(fontspec)             - 'small caps'  (m/sc) with NFSS spec.:
(fontspec)             <->s*[1.15]"[AlegreyaSans-Light.otf]:mode=node;script=la
tn;language=dflt;+tlig;+pnum;+lnum;+smcp;"
(fontspec)             - 'bold' (b/n) with NFSS spec.:
(fontspec)             <->s*[1.15]"[AlegreyaSans-Light.otf]:mode=node;script=la
tn;language=dflt;+tlig;+pnum;+lnum;"
(fontspec)             - 'bold small caps'  (b/sc) with NFSS spec.:
(fontspec)             <->s*[1.15]"[AlegreyaSans-Light.otf]:mode=node;script=la
tn;language=dflt;+tlig;+pnum;+lnum;+smcp;"
(fontspec)             - 'italic' (m/it) with NFSS spec.:
(fontspec)             <->s*[1.15]"[AlegreyaSans-LightItalic.otf]:mode=node;scr
ipt=latn;language=dflt;+tlig;+pnum;+lnum;"
(fontspec)             - 'italic small caps'  (m/scit) with NFSS spec.:
(fontspec)             <->s*[1.15]"[AlegreyaSans-LightItalic.otf]:mode=node;scr
ipt=latn;language=dflt;+tlig;+pnum;+lnum;+smcp;"
(fontspec)             - 'bold italic' (b/it) with NFSS spec.:
(fontspec)             <->s*[1.15]"[AlegreyaSans-LightItalic.otf]:mode=node;scr
ipt=latn;language=dflt;+tlig;+pnum;+lnum;"
(fontspec)             - 'bold italic small caps'  (b/scit) with NFSS spec.:
(fontspec)             <->s*[1.15]"[AlegreyaSans-LightItalic.otf]:mode=node;scr
ipt=latn;language=dflt;+tlig;+pnum;+lnum;+smcp;"


Package fontspec Info: Font family 'AlegreyaSans(10)' created for font
(fontspec)             'AlegreyaSans' with options [Ligatures = TeX,Extension
(fontspec)             = .otf,Scale = 1.15,Numbers =
(fontspec)             {Proportional,Lining},UprightFont = *-Medium,ItalicFont
(fontspec)             = *-MediumItalic,BoldFont = *-Medium,BoldItalicFont =
(fontspec)             *-MediumItalic].
(fontspec)              
(fontspec)              This font family consists of the following NFSS
(fontspec)             series/shapes:
(fontspec)              
(fontspec)             - 'normal' (m/n) with NFSS spec.:
(fontspec)             <->s*[1.15]"[AlegreyaSans-Medium.otf]:mode=node;script=l
atn;language=dflt;+tlig;+pnum;+lnum;"
(fontspec)             - 'small caps'  (m/sc) with NFSS spec.:
(fontspec)             <->s*[1.15]"[AlegreyaSans-Medium.otf]:mode=node;script=l
atn;language=dflt;+tlig;+pnum;+lnum;+smcp;"
(fontspec)             - 'bold' (b/n) with NFSS spec.:
(fontspec)             <->s*[1.15]"[AlegreyaSans-Medium.otf]:mode=node;script=l
atn;language=dflt;+tlig;+pnum;+lnum;"
(fontspec)             - 'bold small caps'  (b/sc) with NFSS spec.:
(fontspec)             <->s*[1.15]"[AlegreyaSans-Medium.otf]:mode=node;script=l
atn;language=dflt;+tlig;+pnum;+lnum;+smcp;"
(fontspec)             - 'italic' (m/it) with NFSS spec.:
(fontspec)             <->s*[1.15]"[AlegreyaSans-MediumItalic.otf]:mode=node;sc
ript=latn;language=dflt;+tlig;+pnum;+lnum;"
(fontspec)             - 'italic small caps'  (m/scit) with NFSS spec.:
(fontspec)             <->s*[1.15]"[AlegreyaSans-MediumItalic.otf]:mode=node;sc
ript=latn;language=dflt;+tlig;+pnum;+lnum;+smcp;"
(fontspec)             - 'bold italic' (b/it) with NFSS spec.:
(fontspec)             <->s*[1.15]"[AlegreyaSans-MediumItalic.otf]:mode=node;sc
ript=latn;language=dflt;+tlig;+pnum;+lnum;"
(fontspec)             - 'bold italic small caps'  (b/scit) with NFSS spec.:
(fontspec)             <->s*[1.15]"[AlegreyaSans-MediumItalic.otf]:mode=node;sc
ript=latn;language=dflt;+tlig;+pnum;+lnum;+smcp;"

LaTeX Info: Redefining \textin on input line 339.
)

Package hyperref Warning: Token not allowed in a PDF string (Unicode):
(hyperref)                removing `\\' on input line 32.

(./slides.aux)
\openout1 = slides.aux

LaTeX Font Info:    Checking defaults for OML/cmm/m/it on input line 47.
LaTeX Font Info:    ... okay on input line 47.
LaTeX Font Info:    Checking defaults for OMS/cmsy/m/n on input line 47.
LaTeX Font Info:    ... okay on input line 47.
LaTeX Font Info:    Checking defaults for OT1/cmr/m/n on input line 47.
LaTeX Font Info:    ... okay on input line 47.
LaTeX Font Info:    Checking defaults for T1/cmr/m/n on input line 47.
LaTeX Font Info:    ... okay on input line 47.
LaTeX Font Info:    Checking defaults for TS1/cmr/m/n on input line 47.
LaTeX Font Info:    Trying to load font information for TS1+cmr on input line 4
7.
 (/usr/share/texmf-dist/tex/latex/base/ts1cmr.fd
File: ts1cmr.fd 2019/12/16 v2.5j Standard LaTeX font definitions
)
LaTeX Font Info:    ... okay on input line 47.
LaTeX Font Info:    Checking defaults for TU/lmr/m/n on input line 47.
LaTeX Font Info:    ... okay on input line 47.
LaTeX Font Info:    Checking defaults for OMX/cmex/m/n on input line 47.
LaTeX Font Info:    ... okay on input line 47.
LaTeX Font Info:    Checking defaults for U/cmr/m/n on input line 47.
LaTeX Font Info:    ... okay on input line 47.
LaTeX Font Info:    Checking defaults for PD1/pdf/m/n on input line 47.
LaTeX Font Info:    ... okay on input line 47.
LaTeX Font Info:    Checking defaults for PU/pdf/m/n on input line 47.
LaTeX Font Info:    ... okay on input line 47.

*geometry* driver: auto-detecting
*geometry* detected driver: luatex
*geometry* verbose mode - [ preamble ] result:
* driver: luatex
* paper: custom
* layout: <same size as paper>
* layoutoffset:(h,v)=(0.0pt,0.0pt)
* modes: includehead includefoot 
* h-part:(L,W,R)=(28.45274pt, 398.3386pt, 28.45274pt)
* v-part:(T,H,B)=(0.0pt, 256.0748pt, 0.0pt)
* \paperwidth=455.24408pt
* \paperheight=256.0748pt
* \textwidth=398.3386pt
* \textheight=227.62207pt
* \oddsidemargin=-43.81725pt
* \evensidemargin=-43.81725pt
* \topmargin=-72.26999pt
* \headheight=14.22636pt
* \headsep=0.0pt
* \topskip=10.0pt
* \footskip=14.22636pt
* \marginparwidth=3.0pt
* \marginparsep=11.0pt
* \columnsep=10.0pt
* \skip\footins=9.0pt plus 4.0pt minus 2.0pt
* \hoffset=0.0pt
* \voffset=0.0pt
* \mag=1000
* \@twocolumnfalse
* \@twosidefalse
* \@mparswitchfalse
* \@reversemarginfalse
* (1in=72.27pt=25.4mm, 1cm=28.453pt)

(/usr/share/texmf-dist/tex/context/base/mkii/supp-pdf.mkii
[Loading MPS to PDF converter (version 2006.09.02).]
\scratchcounter=\count361
\scratchdimen=\dimen321
\scratchbox=\box102
\nofMPsegments=\count362
\nofMParguments=\count363
\everyMPshowfont=\toks51
\MPscratchCnt=\count364
\MPscratchDim=\dimen322
\MPnumerator=\count365
\makeMPintoPDFobject=\count366
\everyMPtoPDFconversion=\toks52
) (/usr/share/texmf-dist/tex/latex/epstopdf-pkg/epstopdf-base.sty
Package: epstopdf-base 2020-01-24 v2.11 Base part for package epstopdf

(/usr/share/texmf-dist/tex/latex/grfext/grfext.sty
Package: grfext 2019/12/03 v1.3 Manage graphics extensions (HO)
)
Package epstopdf-base Info: Redefining graphics rule for `.eps' on input line 4
85.
Package grfext Info: Graphics extension search list:
(grfext)             [.pdf,.png,.jpg,.mps,.jpeg,.jbig2,.jb2,.PDF,.PNG,.JPG,.JPE
G,.JBIG2,.JB2,.eps]
(grfext)             \AppendGraphicsExtensions on input line 504.

(/usr/share/texmf-dist/tex/latex/latexconfig/epstopdf-sys.cfg
File: epstopdf-sys.cfg 2010/07/13 v1.3 Configuration of (r)epstopdf for TeX Liv
e
))
Package hyperref Info: Link coloring OFF on input line 47.

(/usr/share/texmf-dist/tex/latex/hyperref/nameref.sty
Package: nameref 2021-04-02 v2.47 Cross-referencing by name of section

(/usr/share/texmf-dist/tex/latex/refcount/refcount.sty
Package: refcount 2019/12/15 v3.6 Data extraction from label references (HO)
)
(/usr/share/texmf-dist/tex/generic/gettitlestring/gettitlestring.sty
Package: gettitlestring 2019/12/15 v1.6 Cleanup title references (HO)
)
\c@section@level=\count367
)
LaTeX Info: Redefining \ref on input line 47.
LaTeX Info: Redefining \pageref on input line 47.
LaTeX Info: Redefining \nameref on input line 47.

(./slides.out) (./slides.out)
\@outlinefile=\write5

\openout5 = slides.out
LaTeX Font Info:    Overwriting symbol font `operators' in version `normal'
(Font)                  OT1/cmr/m/n --> OT1/cmss/m/n on input line 47.
LaTeX Font Info:    Overwriting symbol font `operators' in version `bold'
(Font)                  OT1/cmr/bx/n --> OT1/cmss/b/n on input line 47.
\symnumbers=\mathgroup6
\sympureletters=\mathgroup7
LaTeX Font Info:    Overwriting math alphabet `\mathrm' in version `normal'
(Font)                  OT1/cmss/m/n --> TU/lmr/m/n on input line 47.
LaTeX Font Info:    Redeclaring math alphabet \mathbf on input line 47.
LaTeX Font Info:    Overwriting math alphabet `\mathbf' in version `normal'
(Font)                  OT1/cmr/bx/n --> TU/AlegreyaSans(0)/b/n on input line 4
7.
LaTeX Font Info:    Overwriting math alphabet `\mathbf' in version `bold'
(Font)                  OT1/cmr/bx/n --> TU/AlegreyaSans(0)/b/n on input line 4
7.
LaTeX Font Info:    Redeclaring math alphabet \mathsf on input line 47.
LaTeX Font Info:    Overwriting math alphabet `\mathsf' in version `normal'
(Font)                  OT1/cmss/m/n --> TU/AlegreyaSans(0)/m/n on input line 4
7.
LaTeX Font Info:    Overwriting math alphabet `\mathsf' in version `bold'
(Font)                  OT1/cmss/bx/n --> TU/AlegreyaSans(0)/m/n on input line 
47.
LaTeX Font Info:    Redeclaring math alphabet \mathit on input line 47.
LaTeX Font Info:    Overwriting math alphabet `\mathit' in version `normal'
(Font)                  OT1/cmr/m/it --> TU/AlegreyaSans(0)/m/it on input line 
47.
LaTeX Font Info:    Overwriting math alphabet `\mathit' in version `bold'
(Font)                  OT1/cmr/bx/it --> TU/AlegreyaSans(0)/m/it on input line
 47.
LaTeX Font Info:    Redeclaring math alphabet \mathtt on input line 47.
LaTeX Font Info:    Overwriting math alphabet `\mathtt' in version `normal'
(Font)                  OT1/cmtt/m/n --> TU/lmtt/m/n on input line 47.
LaTeX Font Info:    Overwriting math alphabet `\mathtt' in version `bold'
(Font)                  OT1/cmtt/m/n --> TU/lmtt/m/n on input line 47.
LaTeX Font Info:    Overwriting symbol font `numbers' in version `bold'
(Font)                  TU/AlegreyaSans(0)/m/n --> TU/AlegreyaSans(0)/b/n on in
put line 47.
LaTeX Font Info:    Overwriting symbol font `pureletters' in version `bold'
(Font)                  TU/AlegreyaSans(0)/m/it --> TU/AlegreyaSans(0)/b/it on 
input line 47.
LaTeX Font Info:    Overwriting math alphabet `\mathrm' in version `bold'
(Font)                  OT1/cmss/b/n --> TU/lmr/b/n on input line 47.
LaTeX Font Info:    Overwriting math alphabet `\mathbf' in version `bold'
(Font)                  TU/AlegreyaSans(0)/b/n --> TU/AlegreyaSans(0)/b/n on in
put line 47.
LaTeX Font Info:    Overwriting math alphabet `\mathsf' in version `bold'
(Font)                  TU/AlegreyaSans(0)/m/n --> TU/AlegreyaSans(0)/b/n on in
put line 47.
LaTeX Font Info:    Overwriting math alphabet `\mathit' in version `bold'
(Font)                  TU/AlegreyaSans(0)/m/it --> TU/AlegreyaSans(0)/b/it on 
input line 47.
LaTeX Font Info:    Overwriting math alphabet `\mathtt' in version `bold'
(Font)                  TU/lmtt/m/n --> TU/lmtt/b/n on input line 47.

(/usr/share/texmf-dist/tex/latex/translator/translator-basic-dictionary-English
.dict
Dictionary: translator-basic-dictionary, Language: English 
)
(/usr/share/texmf-dist/tex/latex/translator/translator-bibliography-dictionary-
English.dict
Dictionary: translator-bibliography-dictionary, Language: English 
)
(/usr/share/texmf-dist/tex/latex/translator/translator-environment-dictionary-E
nglish.dict
Dictionary: translator-environment-dictionary, Language: English 
)
(/usr/share/texmf-dist/tex/latex/translator/translator-months-dictionary-Englis
h.dict
Dictionary: translator-months-dictionary, Language: English 
)
(/usr/share/texmf-dist/tex/latex/translator/translator-numbers-dictionary-Engli
sh.dict
Dictionary: translator-numbers-dictionary, Language: English 
)
(/usr/share/texmf-dist/tex/latex/translator/translator-theorem-dictionary-Engli
sh.dict
Dictionary: translator-theorem-dictionary, Language: English 
)

Package fontspec Info: Adjusting the maths setup (use [no-math] to avoid
(fontspec)             this).

\symlegacymaths=\mathgroup8
LaTeX Font Info:    Overwriting symbol font `legacymaths' in version `bold'
(Font)                  OT1/cmr/m/n --> OT1/cmr/bx/n on input line 47.
LaTeX Font Info:    Redeclaring math accent \acute on input line 47.
LaTeX Font Info:    Redeclaring math accent \grave on input line 47.
LaTeX Font Info:    Redeclaring math accent \ddot on input line 47.
LaTeX Font Info:    Redeclaring math accent \tilde on input line 47.
LaTeX Font Info:    Redeclaring math accent \bar on input line 47.
LaTeX Font Info:    Redeclaring math accent \breve on input line 47.
LaTeX Font Info:    Redeclaring math accent \check on input line 47.
LaTeX Font Info:    Redeclaring math accent \hat on input line 47.
LaTeX Font Info:    Redeclaring math accent \dot on input line 47.
LaTeX Font Info:    Redeclaring math accent \mathring on input line 47.
LaTeX Font Info:    Redeclaring math symbol \Gamma on input line 47.
LaTeX Font Info:    Redeclaring math symbol \Delta on input line 47.
LaTeX Font Info:    Redeclaring math symbol \Theta on input line 47.
LaTeX Font Info:    Redeclaring math symbol \Lambda on input line 47.
LaTeX Font Info:    Redeclaring math symbol \Xi on input line 47.
LaTeX Font Info:    Redeclaring math symbol \Pi on input line 47.
LaTeX Font Info:    Redeclaring math symbol \Sigma on input line 47.
LaTeX Font Info:    Redeclaring math symbol \Upsilon on input line 47.
LaTeX Font Info:    Redeclaring math symbol \Phi on input line 47.
LaTeX Font Info:    Redeclaring math symbol \Psi on input line 47.
LaTeX Font Info:    Redeclaring math symbol \Omega on input line 47.
LaTeX Font Info:    Redeclaring math symbol \mathdollar on input line 47.
LaTeX Font Info:    Redeclaring symbol font `operators' on input line 47.
LaTeX Font Info:    Encoding `OT1' has changed to `TU' for symbol font
(Font)              `operators' in the math version `normal' on input line 47.
LaTeX Font Info:    Overwriting symbol font `operators' in version `normal'
(Font)                  OT1/cmss/m/n --> TU/lmr/m/n on input line 47.
LaTeX Font Info:    Encoding `OT1' has changed to `TU' for symbol font
(Font)              `operators' in the math version `bold' on input line 47.
LaTeX Font Info:    Overwriting symbol font `operators' in version `bold'
(Font)                  OT1/cmss/b/n --> TU/lmr/m/n on input line 47.
LaTeX Font Info:    Overwriting symbol font `operators' in version `normal'
(Font)                  TU/lmr/m/n --> TU/lmr/m/n on input line 47.
LaTeX Font Info:    Redeclaring math alphabet \mathrm on input line 47.
LaTeX Font Info:    Overwriting math alphabet `\mathit' in version `normal'
(Font)                  TU/AlegreyaSans(0)/m/it --> TU/lmr/m/it on input line 4
7.
LaTeX Font Info:    Overwriting math alphabet `\mathbf' in version `normal'
(Font)                  TU/AlegreyaSans(0)/b/n --> TU/lmr/b/n on input line 47.

LaTeX Font Info:    Overwriting math alphabet `\mathsf' in version `normal'
(Font)                  TU/AlegreyaSans(0)/m/n --> TU/AlegreyaSans(0)/m/n on in
put line 47.
LaTeX Font Info:    Overwriting math alphabet `\mathtt' in version `normal'
(Font)                  TU/lmtt/m/n --> TU/lmtt/m/n on input line 47.
LaTeX Font Info:    Overwriting symbol font `operators' in version `bold'
(Font)                  TU/lmr/m/n --> TU/lmr/b/n on input line 47.
LaTeX Font Info:    Overwriting math alphabet `\mathit' in version `bold'
(Font)                  TU/AlegreyaSans(0)/b/it --> TU/lmr/b/it on input line 4
7.
LaTeX Font Info:    Overwriting math alphabet `\mathsf' in version `bold'
(Font)                  TU/AlegreyaSans(0)/b/n --> TU/AlegreyaSans(0)/b/n on in
put line 47.
LaTeX Font Info:    Overwriting math alphabet `\mathtt' in version `bold'
(Font)                  TU/lmtt/b/n --> TU/lmtt/b/n on input line 47.
 (./slides.nav)
LaTeX Font Info:    Font shape `TU/AlegreyaSans(0)/m/n' will be
(Font)              scaled to size 5.74997pt on input line 47.
<_figures/logo-federico-II-blue.png, id=67, 903.375pt x 903.375pt>
File: _figures/logo-federico-II-blue.png Graphic file (type png)
<use _figures/logo-federico-II-blue.png>
Package luatex.def Info: _figures/logo-federico-II-blue.png  used on input line
 47.
(luatex.def)             Requested size: 36.93582pt x 36.92833pt.
 ( FP-EVAL ( FP-UPN ( FP-MUL ) ( FP-DIV ) ) )
File: _figures/logo-federico-II-blue.png Graphic file (type png)
<use _figures/logo-federico-II-blue.png>
Package luatex.def Info: _figures/logo-federico-II-blue.png  used on input line
 49.
(luatex.def)             Requested size: 298.11467pt x 298.11467pt.
LaTeX Font Info:    Font shape `TU/AlegreyaSans(0)/m/n' will be
(Font)              scaled to size 16.55989pt on input line 49.
LaTeX Font Info:    Font shape `TU/AlegreyaSans(0)/m/sc' will be
(Font)              scaled to size 16.55989pt on input line 49.
LaTeX Font Info:    Font shape `TU/AlegreyaSans(0)/b/sc' will be
(Font)              scaled to size 16.55989pt on input line 49.
LaTeX Font Info:    Font shape `TU/AlegreyaSans(0)/b/sc' will be
(Font)              scaled to size 23.85088pt on input line 49.
LaTeX Font Info:    Font shape `TU/AlegreyaSans(0)/m/n' will be
(Font)              scaled to size 9.19995pt on input line 49.
LaTeX Font Info:    Font shape `TU/AlegreyaSans(0)/m/sc' will be
(Font)              scaled to size 11.49994pt on input line 49.
<_figures/logo-federico-II-white.png, id=68, 903.375pt x 903.375pt>
File: _figures/logo-federico-II-white.png Graphic file (type png)
<use _figures/logo-federico-II-white.png>
Package luatex.def Info: _figures/logo-federico-II-white.png  used on input lin
e 49.
(luatex.def)             Requested size: 903.3728pt x 903.3728pt.
 [1

{/var/lib/texmf/fonts/map/pdftex/updmap/pdftex.map}<./_figures/logo-federico-II-
blue.png><./_figures/logo-federico-II-white.png>] (./slides.toc)
LaTeX Font Info:    Font shape `TU/AlegreyaSans(0)/m/sc' will be
(Font)              scaled to size 9.19995pt on input line 54.
LaTeX Font Info:    Font shape `TU/AlegreyaSans(0)/m/n' will be
(Font)              scaled to size 4.59998pt on input line 54.
File: _figures/logo-federico-II-blue.png Graphic file (type png)
<use _figures/logo-federico-II-blue.png>
Package luatex.def Info: _figures/logo-federico-II-blue.png  used on input line
 54.
(luatex.def)             Requested size: 36.93582pt x 36.92833pt.
 ( FP-EVAL ( FP-UPN
( FP-MUL ) ( FP-DIV ) ) ) [2

]
File: _figures/logo-federico-II-blue.png Graphic file (type png)
<use _figures/logo-federico-II-blue.png>
Package luatex.def Info: _figures/logo-federico-II-blue.png  used on input line
 56.
(luatex.def)             Requested size: 298.11467pt x 298.11467pt.
LaTeX Font Info:    Trying to load font information for U+msa on input line 56.

 (/usr/share/texmf-dist/tex/latex/amsfonts/umsa.fd
File: umsa.fd 2013/01/14 v3.01 AMS symbols A
)
LaTeX Font Info:    Trying to load font information for U+msb on input line 56.

 (/usr/share/texmf-dist/tex/latex/amsfonts/umsb.fd
File: umsb.fd 2013/01/14 v3.01 AMS symbols B
)
LaTeX Font Info:    Font shape `TU/AlegreyaSans(0)/m/n' will be
(Font)              scaled to size 8.04996pt on input line 56.
LaTeX Font Info:    Font shape `TU/AlegreyaSans(0)/m/it' will be
(Font)              scaled to size 11.49994pt on input line 56.
LaTeX Font Info:    Font shape `TU/AlegreyaSans(0)/m/it' will be
(Font)              scaled to size 8.04996pt on input line 56.
LaTeX Font Info:    Font shape `TU/AlegreyaSans(0)/m/it' will be
(Font)              scaled to size 5.74997pt on input line 56.
 [3

]
<./images/stewart.png, id=118, 1927.2pt x 1084.05pt>
File: ./images/stewart.png Graphic file (type png)
<use ./images/stewart.png>
Package luatex.def Info: ./images/stewart.png  used on input line 75.
(luatex.def)             Requested size: 278.83578pt x 156.84413pt.
File: _figures/logo-federico-II-blue.png Graphic file (type png)
<use _figures/logo-federico-II-blue.png>
Package luatex.def Info: _figures/logo-federico-II-blue.png  used on input line
 75.
(luatex.def)             Requested size: 36.93582pt x 36.92833pt.
 ( FP-EVAL ( FP-UPN
( FP-MUL ) ( FP-DIV ) ) ) [4

<./images/stewart.png>]
File: ./images/stewart.png Graphic file (type png)
<use ./images/stewart.png>
Package luatex.def Info: ./images/stewart.png  used on input line 94.
(luatex.def)             Requested size: 278.83578pt x 156.84413pt.
File: _figures/logo-federico-II-blue.png Graphic file (type png)
<use _figures/logo-federico-II-blue.png>
Package luatex.def Info: _figures/logo-federico-II-blue.png  used on input line
 94.
(luatex.def)             Requested size: 36.93582pt x 36.92833pt.
 ( FP-EVAL ( FP-UPN
( FP-MUL ) ( FP-DIV ) ) ) [5

]
<./images/circuit3.png, id=134, 1839.87375pt x 799.98875pt>
File: ./images/circuit3.png Graphic file (type png)
<use ./images/circuit3.png>
Package luatex.def Info: ./images/circuit3.png  used on input line 113.
(luatex.def)             Requested size: 278.83578pt x 121.23822pt.
File: _figures/logo-federico-II-blue.png Graphic file (type png)
<use _figures/logo-federico-II-blue.png>
Package luatex.def Info: _figures/logo-federico-II-blue.png  used on input line
 113.
(luatex.def)             Requested size: 36.93582pt x 36.92833pt.
 ( FP-EVAL ( FP-UPN ( FP-MUL ) ( FP-DIV ) ) )
[6

<./images/circuit3.png>]
File: _figures/logo-federico-II-blue.png Graphic file (type png)
<use _figures/logo-federico-II-blue.png>
Package luatex.def Info: _figures/logo-federico-II-blue.png  used on input line
 116.
(luatex.def)             Requested size: 298.11467pt x 298.11467pt.
 [7

]
File: _figures/logo-federico-II-blue.png Graphic file (type png)
<use _figures/logo-federico-II-blue.png>
Package luatex.def Info: _figures/logo-federico-II-blue.png  used on input line
 157.
(luatex.def)             Requested size: 36.93582pt x 36.92833pt.
 ( FP-EVAL ( FP-UPN ( FP-MUL ) ( FP-DIV ) ) )
[8

]
LaTeX Font Info:    Font shape `TU/AlegreyaSans(0)/m/n' will be
(Font)              scaled to size 10.34995pt on input line 189.
LaTeX Font Info:    Font shape `TU/AlegreyaSans(0)/m/n' will be
(Font)              scaled to size 6.89996pt on input line 189.
LaTeX Font Info:    Font shape `TU/AlegreyaSans(0)/m/it' will be
(Font)              scaled to size 10.34995pt on input line 189.
LaTeX Font Info:    Font shape `TU/AlegreyaSans(0)/m/it' will be
(Font)              scaled to size 6.89996pt on input line 189.
File: _figures/logo-federico-II-blue.png Graphic file (type png)
<use _figures/logo-federico-II-blue.png>
Package luatex.def Info: _figures/logo-federico-II-blue.png  used on input line
 189.
(luatex.def)             Requested size: 36.93582pt x 36.92833pt.
 ( FP-EVAL ( FP-UPN ( FP-MUL ) ( FP-DIV ) ) ) [9

Missing character: There is no , (U+002C) in font nullfont!
Missing character: There is no x (U+0078) in font nullfont!
Missing character: There is no s (U+0073) in font nullfont!
Missing character: There is no h (U+0068) in font nullfont!
Missing character: There is no i (U+0069) in font nullfont!
Missing character: There is no f (U+0066) in font nullfont!
Missing character: There is no t (U+0074) in font nullfont!
Missing character: There is no = (U+003D) in font nullfont!
Missing character: There is no 0 (U+0030) in font nullfont!
Missing character: There is no m (U+006D) in font nullfont!
Missing character: There is no m (U+006D) in font nullfont!
]
File: _figures/logo-federico-II-blue.png Graphic file (type png)
<use _figures/logo-federico-II-blue.png>
Package luatex.def Info: _figures/logo-federico-II-blue.png  used on input line
 191.
(luatex.def)             Requested size: 298.11467pt x 298.11467pt.
 [10

]
File: ./images/stewart.png Graphic file (type png)
<use ./images/stewart.png>
Package luatex.def Info: ./images/stewart.png  used on input line 208.
(luatex.def)             Requested size: 278.83578pt x 156.84413pt.
File: _figures/logo-federico-II-blue.png Graphic file (type png)
<use _figures/logo-federico-II-blue.png>
Package luatex.def Info: _figures/logo-federico-II-blue.png  used on input line
 208.
(luatex.def)             Requested size: 36.93582pt x 36.92833pt.
 ( FP-EVAL ( FP-UPN
( FP-MUL ) ( FP-DIV ) ) ) [11

]
File: _figures/logo-federico-II-blue.png Graphic file (type png)
<use _figures/logo-federico-II-blue.png>
Package luatex.def Info: _figures/logo-federico-II-blue.png  used on input line
 224.
(luatex.def)             Requested size: 36.93582pt x 36.92833pt.
 ( FP-EVAL ( FP-UPN ( FP-MUL ) ( FP-DIV ) ) )
[12

]
File: _figures/logo-federico-II-blue.png Graphic file (type png)
<use _figures/logo-federico-II-blue.png>
Package luatex.def Info: _figures/logo-federico-II-blue.png  used on input line
 229.
(luatex.def)             Requested size: 36.93582pt x 36.92833pt.
 ( FP-EVAL ( FP-UPN ( FP-MUL ) ( FP-DIV ) ) ) [13

]
File: _figures/logo-federico-II-white.png Graphic file (type png)
<use _figures/logo-federico-II-white.png>
Package luatex.def Info: _figures/logo-federico-II-white.png  used on input lin
e 233.
(luatex.def)             Requested size: 298.11467pt x 298.11467pt.
LaTeX Font Info:    Font shape `TU/AlegreyaSans(0)/b/n' will be
(Font)              scaled to size 16.55989pt on input line 233.
LaTeX Font Info:    Font shape `TU/AlegreyaSans(0)/b/n' will be
(Font)              scaled to size 23.85088pt on input line 233.
 [14

]
File: _figures/logo-federico-II-blue.png Graphic file (type png)
<use _figures/logo-federico-II-blue.png>
Package luatex.def Info: _figures/logo-federico-II-blue.png  used on input line
 246.
(luatex.def)             Requested size: 298.11467pt x 298.11467pt.
 [15

]
LaTeX Font Info:    Font shape `TU/AlegreyaSans(0)/m/n' will be
(Font)              scaled to size 13.79993pt on input line 262.
File: _figures/logo-federico-II-blue.png Graphic file (type png)
<use _figures/logo-federico-II-blue.png>
Package luatex.def Info: _figures/logo-federico-II-blue.png  used on input line
 262.
(luatex.def)             Requested size: 36.93582pt x 36.92833pt.
 ( FP-EVAL
( FP-UPN ( FP-MUL ) ( FP-DIV ) ) ) [16

]
File: _figures/logo-federico-II-blue.png Graphic file (type png)
<use _figures/logo-federico-II-blue.png>
Package luatex.def Info: _figures/logo-federico-II-blue.png  used on input line
 262.
(luatex.def)             Requested size: 36.93582pt x 36.92833pt.
 ( FP-EVAL ( FP-UPN ( FP-MUL ) ( FP-DIV
) ) ) [17

]
File: _figures/logo-federico-II-blue.png Graphic file (type png)
<use _figures/logo-federico-II-blue.png>
Package luatex.def Info: _figures/logo-federico-II-blue.png  used on input line
 273.
(luatex.def)             Requested size: 36.93582pt x 36.92833pt.
 ( FP-EVAL ( FP-UPN ( FP-MUL ) ( FP-DIV ) ) ) [18

]
LaTeX Font Info:    Font shape `TU/AlegreyaSans(0)/m/it' will be
(Font)              scaled to size 9.19995pt on input line 284.
File: _figures/logo-federico-II-blue.png Graphic file (type png)
<use _figures/logo-federico-II-blue.png>
Package luatex.def Info: _figures/logo-federico-II-blue.png  used on input line
 284.
(luatex.def)             Requested size: 36.93582pt x 36.92833pt.
 ( FP-EVAL
( FP-UPN ( FP-MUL ) ( FP-DIV ) ) ) [19

]
File: _figures/logo-federico-II-blue.png Graphic file (type png)
<use _figures/logo-federico-II-blue.png>
Package luatex.def Info: _figures/logo-federico-II-blue.png  used on input line
 287.
(luatex.def)             Requested size: 298.11467pt x 298.11467pt.
 [20

]
File: _figures/logo-federico-II-blue.png Graphic file (type png)
<use _figures/logo-federico-II-blue.png>
Package luatex.def Info: _figures/logo-federico-II-blue.png  used on input line
 298.
(luatex.def)             Requested size: 36.93582pt x 36.92833pt.
 ( FP-EVAL ( FP-UPN ( FP-MUL )
( FP-DIV ) ) ) [21

]
File: _figures/logo-federico-II-blue.png Graphic file (type png)
<use _figures/logo-federico-II-blue.png>
Package luatex.def Info: _figures/logo-federico-II-blue.png  used on input line
 312.
(luatex.def)             Requested size: 36.93582pt x 36.92833pt.
 ( FP-EVAL ( FP-UPN ( FP-MUL ) ( FP-DIV ) ) ) [22

]
\openout4 = slides.vrb

(./slides.vrb)
File: _figures/logo-federico-II-blue.png Graphic file (type png)
<use _figures/logo-federico-II-blue.png>
Package luatex.def Info: _figures/logo-federico-II-blue.png  used on input line
 339.
(luatex.def)             Requested size: 36.93582pt x 36.92833pt.
 ( FP-EVAL ( FP-UPN ( FP-MUL ) ( FP-DIV ) ) ) [23

] (./slides.vrb)
File: _figures/logo-federico-II-blue.png Graphic file (type png)
<use _figures/logo-federico-II-blue.png>
Package luatex.def Info: _figures/logo-federico-II-blue.png  used on input line
 339.
(luatex.def)             Requested size: 36.93582pt x 36.92833pt.
( FP-EVAL ( FP-UPN ( FP-MUL ) ( FP-DIV ) ) ) [24

]
File: _figures/logo-federico-II-blue.png Graphic file (type png)
<use _figures/logo-federico-II-blue.png>
Package luatex.def Info: _figures/logo-federico-II-blue.png  used on input line
 354.
(luatex.def)             Requested size: 36.93582pt x 36.92833pt.
 ( FP-EVAL ( FP-UPN ( FP-MUL
) ( FP-DIV ) ) ) [25

]
File: _figures/logo-federico-II-blue.png Graphic file (type png)
<use _figures/logo-federico-II-blue.png>
Package luatex.def Info: _figures/logo-federico-II-blue.png  used on input line
 354.
(luatex.def)             Requested size: 36.93582pt x 36.92833pt.
 ( FP-EVAL ( FP-UPN ( FP-MUL ) ( FP-DIV ) ) ) [26

]
File: _figures/logo-federico-II-blue.png Graphic file (type png)
<use _figures/logo-federico-II-blue.png>
Package luatex.def Info: _figures/logo-federico-II-blue.png  used on input line
 354.
(luatex.def)             Requested size: 36.93582pt x 36.92833pt.

( FP-EVAL ( FP-UPN ( FP-MUL ) ( FP-DIV ) ) ) [27

]
File: _figures/logo-federico-II-blue.png Graphic file (type png)
<use _figures/logo-federico-II-blue.png>
Package luatex.def Info: _figures/logo-federico-II-blue.png  used on input line
 354.
(luatex.def)             Requested size: 36.93582pt x 36.92833pt.
 ( FP-EVAL ( FP-UPN ( FP-MUL
) ( FP-DIV ) ) ) [28

] [29

]
File: _figures/logo-federico-II-blue.png Graphic file (type png)
<use _figures/logo-federico-II-blue.png>
Package luatex.def Info: _figures/logo-federico-II-blue.png  used on input line
 364.
(luatex.def)             Requested size: 36.93582pt x 36.92833pt.
 ( FP-EVAL ( FP-UPN ( FP-MUL ) ( FP-DIV ) ) )
[30

]
File: _figures/logo-federico-II-blue.png Graphic file (type png)
<use _figures/logo-federico-II-blue.png>
Package luatex.def Info: _figures/logo-federico-II-blue.png  used on input line
 381.
(luatex.def)             Requested size: 36.93582pt x 36.92833pt.
 ( FP-EVAL ( FP-UPN ( FP-MUL ) ( FP-DIV ) ) ) [31

]
File: _figures/logo-federico-II-blue.png Graphic file (type png)
<use _figures/logo-federico-II-blue.png>
Package luatex.def Info: _figures/logo-federico-II-blue.png  used on input line
 381.
(luatex.def)             Requested size: 36.93582pt x 36.92833pt.
 ( FP-EVAL ( FP-UPN
( FP-MUL ) ( FP-DIV ) ) ) [32

]
\openout4 = slides.vrb
 (./slides.vrb)
File: _figures/logo-federico-II-blue.png Graphic file (type png)
<use _figures/logo-federico-II-blue.png>
Package luatex.def Info: _figures/logo-federico-II-blue.png  used on input line
 398.
(luatex.def)             Requested size: 36.93582pt x 36.92833pt.
 ( FP-EVAL ( FP-UPN ( FP-MUL )
( FP-DIV ) ) ) [33

]
File: _figures/logo-federico-II-white.png Graphic file (type png)
<use _figures/logo-federico-II-white.png>
Package luatex.def Info: _figures/logo-federico-II-white.png  used on input lin
e 402.
(luatex.def)             Requested size: 298.11467pt x 298.11467pt.
 [34

]
File: _figures/logo-federico-II-blue.png Graphic file (type png)
<use _figures/logo-federico-II-blue.png>
Package luatex.def Info: _figures/logo-federico-II-blue.png  used on input line
 406.
(luatex.def)             Requested size: 298.11467pt x 298.11467pt.
 [35

]
File: _figures/logo-federico-II-blue.png Graphic file (type png)
<use _figures/logo-federico-II-blue.png>
Package luatex.def Info: _figures/logo-federico-II-blue.png  used on input line
 416.
(luatex.def)             Requested size: 36.93582pt x 36.92833pt.
 ( FP-EVAL ( FP-UPN ( FP-MUL ) ( FP-DIV ) ) )
[36

]
File: _figures/logo-federico-II-white.png Graphic file (type png)
<use _figures/logo-federico-II-white.png>
Package luatex.def Info: _figures/logo-federico-II-white.png  used on input lin
e 421.
(luatex.def)             Requested size: 298.11467pt x 298.11467pt.
 [37

]
\tf@nav=\write6

\openout6 = slides.nav
\tf@toc=\write7

\openout7 = slides.toc
\tf@snm=\write8

\openout8 = slides.snm
 (./slides.aux)
Package rerunfilecheck Info: File `slides.out' has not changed.
(rerunfilecheck)             Checksum: 273A38030FB8BAE33A33DC292688838A;1883.
)

Here is how much of LuaTeX's memory you used:
 34254 strings out of 478531
 100000,1373583 words of node,token memory allocated
 5128 words of node memory still in use:
   78 hlist, 8 vlist, 7 rule, 11 disc, 4 local_par, 1 dir, 2 math, 118 glue, 23 
kern, 14 penalty, 84 glyph, 536 attribute, 69 glue_spec, 270 attribute_list, 5 w
rite, 1 save_pos, 144 pdf_literal, 1 pdf_start_link, 1 pdf_end_link, 1 pdf_actio
n, 12 pdf_colorstack, 2 pdf_setmatrix, 2 pdf_save, 2 pdf_restore nodes
   avail lists: 2:2761,3:1406,4:264,5:350,6:63,7:2514,8:46,9:770,10:21,11:185
 51978 multiletter control sequences out of 65536+600000
 118 fonts using 22724399 bytes
 131i,17n,125p,552b,1147s stack positions out of 5000i,500n,10000p,200000b,80000s
</usr/share/texmf-dist/fonts/opentype/public/lm/lmmono9-regular.otf></usr/share/
texmf-dist/fonts/opentype/public/lm/lmmono10-regular.otf></usr/share/texmf-dist/
fonts/opentype/huerta/alegreya/AlegreyaSans-Italic.otf></usr/share/texmf-dist/fo
nts/opentype/huerta/alegreya/AlegreyaSans-Regular.otf></usr/share/texmf-dist/fon
ts/opentype/huerta/alegreya/AlegreyaSans-Bold.otf></usr/share/texmf-dist/fonts/t
ype1/public/amsfonts/cm/cmmi9.pfb></usr/share/texmf-dist/fonts/type1/public/amsf
onts/cm/cmr10.pfb></usr/share/texmf-dist/fonts/type1/public/amsfonts/cm/cmr9.pfb
></usr/share/texmf-dist/fonts/type1/public/amsfonts/cm/cmsy10.pfb></usr/share/te
xmf-dist/fonts/type1/public/amsfonts/cm/cmsy7.pfb></usr/share/texmf-dist/fonts/t
ype1/public/amsfonts/cm/cmsy9.pfb></usr/share/texmf-dist/fonts/type1/public/amsf
onts/symbols/msam10.pfb>
Output written on slides.pdf (37 pages, 1603887 bytes).

PDF statistics: 416 PDF objects out of 1000 (max. 8388607)
 336 compressed objects within 4 object streams
 88 named destinations out of 1000 (max. 131072)
 130 words of extra memory for PDF output out of 10000 (max. 100000000)

